TpTrace Verbose: 0 : 34868, 1, 2024/05/26, 20:48:03.444, 7057047447164, vstest.console.dll, Version: 17.9.0-release-24072-02 Current process architecture: X64
TpTrace Verbose: 0 : 34868, 1, 2024/05/26, 20:48:03.446, 7057047473634, vstest.console.dll, Runtime location: C:\Program Files\dotnet\shared\Microsoft.NETCore.App\8.0.3
TpTrace Verbose: 0 : 34868, 1, 2024/05/26, 20:48:03.475, 7057047760248, vstest.console.dll, ArtifactProcessingPostProcessModeProcessorExecutor.Initialize: ArtifactProcessingMode.Collect
TpTrace Verbose: 0 : 34868, 1, 2024/05/26, 20:48:03.475, 7057047763886, vstest.console.dll, TestSessionCorrelationIdProcessorModeProcessorExecutor.Initialize: TestSessionCorrelationId '38108_b6eef5c4-7246-4512-939f-ecfd78badd4f'
TpTrace Information: 0 : 34868, 1, 2024/05/26, 20:48:03.486, 7057047874313, vstest.console.dll, FilePatternParser: The given file C:\Repos\Rewe_test\JobSearcher_QueriesTest\bin\Debug\net8.0\fine-code-coverage\build-output\JobSearcher_QueriesTest.dll is a full path.
TpTrace Verbose: 0 : 34868, 1, 2024/05/26, 20:48:03.502, 7057048034297, vstest.console.dll, TestPluginCache.DiscoverTestExtensions: finding test extensions in assemblies ends with: RuntimeProvider.dll TPluginInfo: Microsoft.VisualStudio.TestPlatform.Common.ExtensionFramework.Utilities.TestRuntimePluginInformation TExtension: Microsoft.VisualStudio.TestPlatform.ObjectModel.Host.ITestRuntimeProvider
TpTrace Verbose: 0 : 34868, 1, 2024/05/26, 20:48:03.504, 7057048051268, vstest.console.dll, TestPluginCache.GetExtensionPaths: Filtered extension paths: 
TpTrace Verbose: 0 : 34868, 1, 2024/05/26, 20:48:03.504, 7057048052731, vstest.console.dll, TestPluginCache.GetExtensionPaths: Added default extension paths: C:\Program Files\dotnet\sdk\8.0.202\Extensions\Microsoft.Diagnostics.NETCore.Client.dll
C:\Program Files\dotnet\sdk\8.0.202\Extensions\Microsoft.TestPlatform.Extensions.BlameDataCollector.dll
C:\Program Files\dotnet\sdk\8.0.202\Extensions\Microsoft.TestPlatform.Extensions.EventLogCollector.dll
C:\Program Files\dotnet\sdk\8.0.202\Extensions\Microsoft.TestPlatform.TestHostRuntimeProvider.dll
C:\Program Files\dotnet\sdk\8.0.202\Extensions\Microsoft.VisualStudio.TestPlatform.Extensions.Html.TestLogger.dll
C:\Program Files\dotnet\sdk\8.0.202\Extensions\Microsoft.VisualStudio.TestPlatform.Extensions.Trx.TestLogger.dll
TpTrace Verbose: 0 : 34868, 1, 2024/05/26, 20:48:03.504, 7057048053055, vstest.console.dll, TestPluginCache.GetExtensionPaths: Added unfilterableExtensionPaths: 
TpTrace Information: 0 : 34868, 1, 2024/05/26, 20:48:03.505, 7057048058707, vstest.console.dll, AssemblyResolver.ctor: Creating AssemblyResolver with searchDirectories C:\Program Files\dotnet\sdk\8.0.202\Extensions,C:\Program Files\dotnet\sdk\8.0.202
TpTrace Verbose: 0 : 34868, 1, 2024/05/26, 20:48:03.506, 7057048071138, vstest.console.dll, TestPluginCache.DiscoverTestExtensions: Discovering the extensions using extension path.
TpTrace Verbose: 0 : 34868, 1, 2024/05/26, 20:48:03.506, 7057048072574, vstest.console.dll, TestPluginCache.GetExtensionPaths: Filtered extension paths: 
TpTrace Verbose: 0 : 34868, 1, 2024/05/26, 20:48:03.506, 7057048073037, vstest.console.dll, TestPluginCache.GetExtensionPaths: Added default extension paths: C:\Program Files\dotnet\sdk\8.0.202\Extensions\Microsoft.Diagnostics.NETCore.Client.dll
C:\Program Files\dotnet\sdk\8.0.202\Extensions\Microsoft.TestPlatform.Extensions.BlameDataCollector.dll
C:\Program Files\dotnet\sdk\8.0.202\Extensions\Microsoft.TestPlatform.Extensions.EventLogCollector.dll
C:\Program Files\dotnet\sdk\8.0.202\Extensions\Microsoft.TestPlatform.TestHostRuntimeProvider.dll
C:\Program Files\dotnet\sdk\8.0.202\Extensions\Microsoft.VisualStudio.TestPlatform.Extensions.Html.TestLogger.dll
C:\Program Files\dotnet\sdk\8.0.202\Extensions\Microsoft.VisualStudio.TestPlatform.Extensions.Trx.TestLogger.dll
TpTrace Verbose: 0 : 34868, 1, 2024/05/26, 20:48:03.506, 7057048073318, vstest.console.dll, TestPluginCache.GetExtensionPaths: Added unfilterableExtensionPaths: 
TpTrace Verbose: 0 : 34868, 1, 2024/05/26, 20:48:03.506, 7057048073830, vstest.console.dll, TestPluginCache.DiscoverTestExtensions: Discovering the extensions using allExtensionPaths: C:\Program Files\dotnet\sdk\8.0.202\Extensions\Microsoft.Diagnostics.NETCore.Client.dll
C:\Program Files\dotnet\sdk\8.0.202\Extensions\Microsoft.TestPlatform.Extensions.BlameDataCollector.dll
C:\Program Files\dotnet\sdk\8.0.202\Extensions\Microsoft.TestPlatform.Extensions.EventLogCollector.dll
C:\Program Files\dotnet\sdk\8.0.202\Extensions\Microsoft.TestPlatform.TestHostRuntimeProvider.dll
C:\Program Files\dotnet\sdk\8.0.202\Extensions\Microsoft.VisualStudio.TestPlatform.Extensions.Html.TestLogger.dll
C:\Program Files\dotnet\sdk\8.0.202\Extensions\Microsoft.VisualStudio.TestPlatform.Extensions.Trx.TestLogger.dll
TpTrace Information: 0 : 34868, 1, 2024/05/26, 20:48:03.506, 7057048075154, vstest.console.dll, AssemblyResolver.AddSearchDirectories: Adding more searchDirectories C:\Program Files\dotnet\sdk\8.0.202\Extensions,C:\Program Files\dotnet\sdk\8.0.202
TpTrace Information: 0 : 34868, 1, 2024/05/26, 20:48:03.506, 7057048075705, vstest.console.dll, AssemblyResolver.AddSearchDirectories: Adding more searchDirectories C:\Program Files\dotnet\sdk\8.0.202\Extensions,C:\Program Files\dotnet\sdk\8.0.202
TpTrace Information: 0 : 34868, 1, 2024/05/26, 20:48:03.507, 7057048076017, vstest.console.dll, AssemblyResolver.AddSearchDirectories: Adding more searchDirectories C:\Program Files\dotnet\sdk\8.0.202\Extensions,C:\Program Files\dotnet\sdk\8.0.202
TpTrace Information: 0 : 34868, 1, 2024/05/26, 20:48:03.507, 7057048076283, vstest.console.dll, AssemblyResolver.AddSearchDirectories: Adding more searchDirectories C:\Program Files\dotnet\sdk\8.0.202\Extensions,C:\Program Files\dotnet\sdk\8.0.202
TpTrace Information: 0 : 34868, 1, 2024/05/26, 20:48:03.507, 7057048076583, vstest.console.dll, AssemblyResolver.AddSearchDirectories: Adding more searchDirectories C:\Program Files\dotnet\sdk\8.0.202\Extensions,C:\Program Files\dotnet\sdk\8.0.202
TpTrace Information: 0 : 34868, 1, 2024/05/26, 20:48:03.507, 7057048076855, vstest.console.dll, AssemblyResolver.AddSearchDirectories: Adding more searchDirectories C:\Program Files\dotnet\sdk\8.0.202\Extensions,C:\Program Files\dotnet\sdk\8.0.202
TpTrace Information: 0 : 34868, 1, 2024/05/26, 20:48:03.507, 7057048081207, vstest.console.dll, AssemblyResolver.OnResolve: Microsoft.Diagnostics.NETCore.Client: Resolving assembly.
TpTrace Information: 0 : 34868, 1, 2024/05/26, 20:48:03.507, 7057048082154, vstest.console.dll, AssemblyResolver.OnResolve: Microsoft.Diagnostics.NETCore.Client: Searching in: 'C:\Program Files\dotnet\sdk\8.0.202\Extensions'.
TpTrace Information: 0 : 34868, 1, 2024/05/26, 20:48:03.513, 7057048138641, vstest.console.dll, AssemblyResolver.OnResolve: Microsoft.Diagnostics.NETCore.Client: Loading assembly 'C:\Program Files\dotnet\sdk\8.0.202\Extensions\Microsoft.Diagnostics.NETCore.Client.dll'.
TpTrace Information: 0 : 34868, 1, 2024/05/26, 20:48:03.517, 7057048185576, vstest.console.dll, AssemblyResolver.OnResolve: Resolved assembly: Microsoft.Diagnostics.NETCore.Client, from path: C:\Program Files\dotnet\sdk\8.0.202\Extensions\Microsoft.Diagnostics.NETCore.Client.dll
TpTrace Verbose: 0 : 34868, 1, 2024/05/26, 20:48:03.521, 7057048217847, vstest.console.dll, MetadataReaderExtensionsHelper: Discovering extensions inside assembly 'Microsoft.Diagnostics.NETCore.Client, Version=0.2.9.2401, Culture=neutral, PublicKeyToken=31bf3856ad364e35' file path 'C:\Program Files\dotnet\sdk\8.0.202\Extensions\Microsoft.Diagnostics.NETCore.Client.dll'
TpTrace Information: 0 : 34868, 1, 2024/05/26, 20:48:03.524, 7057048247096, vstest.console.dll, AssemblyResolver.OnResolve: Microsoft.Bcl.AsyncInterfaces: Resolving assembly.
TpTrace Information: 0 : 34868, 1, 2024/05/26, 20:48:03.524, 7057048248074, vstest.console.dll, AssemblyResolver.OnResolve: Microsoft.Bcl.AsyncInterfaces: Searching in: 'C:\Program Files\dotnet\sdk\8.0.202\Extensions'.
TpTrace Information: 0 : 34868, 1, 2024/05/26, 20:48:03.524, 7057048248703, vstest.console.dll, AssemblyResolver.OnResolve: Microsoft.Bcl.AsyncInterfaces: Assembly path does not exist: 'C:\Program Files\dotnet\sdk\8.0.202\Extensions\Microsoft.Bcl.AsyncInterfaces.dll', returning.
TpTrace Information: 0 : 34868, 1, 2024/05/26, 20:48:03.524, 7057048250044, vstest.console.dll, AssemblyResolver.OnResolve: Microsoft.Bcl.AsyncInterfaces: Assembly path does not exist: 'C:\Program Files\dotnet\sdk\8.0.202\Extensions\Microsoft.Bcl.AsyncInterfaces.exe', returning.
TpTrace Information: 0 : 34868, 1, 2024/05/26, 20:48:03.524, 7057048250600, vstest.console.dll, AssemblyResolver.OnResolve: Microsoft.Bcl.AsyncInterfaces: Searching in: 'C:\Program Files\dotnet\sdk\8.0.202'.
TpTrace Information: 0 : 34868, 1, 2024/05/26, 20:48:03.524, 7057048251144, vstest.console.dll, AssemblyResolver.OnResolve: Microsoft.Bcl.AsyncInterfaces: Assembly path does not exist: 'C:\Program Files\dotnet\sdk\8.0.202\Microsoft.Bcl.AsyncInterfaces.dll', returning.
TpTrace Information: 0 : 34868, 1, 2024/05/26, 20:48:03.524, 7057048251589, vstest.console.dll, AssemblyResolver.OnResolve: Microsoft.Bcl.AsyncInterfaces: Assembly path does not exist: 'C:\Program Files\dotnet\sdk\8.0.202\Microsoft.Bcl.AsyncInterfaces.exe', returning.
TpTrace Information: 0 : 34868, 1, 2024/05/26, 20:48:03.524, 7057048251898, vstest.console.dll, AssemblyResolver.OnResolve: Microsoft.Bcl.AsyncInterfaces: Failed to load assembly.
TpTrace Verbose: 0 : 34868, 1, 2024/05/26, 20:48:03.524, 7057048252457, vstest.console.dll, CurrentDomainAssemblyResolve: Resolving assembly 'Microsoft.Bcl.AsyncInterfaces'.
TpTrace Information: 0 : 34868, 1, 2024/05/26, 20:48:03.524, 7057048253137, vstest.console.dll, AssemblyResolver.OnResolve: Microsoft.Bcl.AsyncInterfaces: Resolving assembly.
TpTrace Information: 0 : 34868, 1, 2024/05/26, 20:48:03.524, 7057048253675, vstest.console.dll, AssemblyResolver.OnResolve: Microsoft.Bcl.AsyncInterfaces: Resolved from cache.
TpTrace Verbose: 0 : 34868, 1, 2024/05/26, 20:48:03.524, 7057048254041, vstest.console.dll, CurrentDomainAssemblyResolve: Resolving assembly 'Microsoft.Bcl.AsyncInterfaces'.
TpTrace Verbose: 0 : 34868, 1, 2024/05/26, 20:48:03.524, 7057048254624, vstest.console.dll, CurrentDomainAssemblyResolve: Failed to resolve assembly 'Microsoft.Bcl.AsyncInterfaces'.
TpTrace Verbose: 0 : 34868, 1, 2024/05/26, 20:48:03.529, 7057048302085, vstest.console.dll, CurrentDomainAssemblyResolve: Failed to resolve assembly 'Microsoft.Bcl.AsyncInterfaces'.
TpTrace Warning: 0 : 34868, 1, 2024/05/26, 20:48:03.545, 7057048461063, vstest.console.dll, TestPluginDiscoverer: Failed to get types from assembly 'Microsoft.Diagnostics.NETCore.Client, Version=0.2.9.2401, Culture=neutral, PublicKeyToken=31bf3856ad364e35'. Error: System.Reflection.ReflectionTypeLoadException: Unable to load one or more of the requested types.
Could not load file or assembly 'Microsoft.Bcl.AsyncInterfaces, Version=6.0.0.0, Culture=neutral, PublicKeyToken=cc7b13ffcd2ddd51'. The system cannot find the file specified.
   at System.Reflection.RuntimeModule.GetTypes(RuntimeModule module)
   at System.Reflection.RuntimeModule.GetTypes()
   at Microsoft.VisualStudio.TestPlatform.Common.ExtensionFramework.TestPluginDiscoverer.GetTestExtensionsFromAssembly[TPluginInfo,TExtension](Assembly assembly, Dictionary`2 pluginInfos, String filePath) in /_/src/Microsoft.TestPlatform.Common/ExtensionFramework/TestPluginDiscoverer.cs:line 158
System.IO.FileNotFoundException: Could not load file or assembly 'Microsoft.Bcl.AsyncInterfaces, Version=6.0.0.0, Culture=neutral, PublicKeyToken=cc7b13ffcd2ddd51'. The system cannot find the file specified.
File name: 'Microsoft.Bcl.AsyncInterfaces, Version=6.0.0.0, Culture=neutral, PublicKeyToken=cc7b13ffcd2ddd51'
 ---> System.IO.FileNotFoundException: Could not load file or assembly 'Microsoft.Bcl.AsyncInterfaces, Culture=neutral, PublicKeyToken=null'. The system cannot find the file specified.
File name: 'Microsoft.Bcl.AsyncInterfaces, Culture=neutral, PublicKeyToken=null'
   at System.Reflection.RuntimeAssembly.InternalLoad(AssemblyName assemblyName, StackCrawlMark& stackMark, AssemblyLoadContext assemblyLoadContext, RuntimeAssembly requestingAssembly, Boolean throwOnFileNotFound)
   at System.Reflection.Assembly.Load(AssemblyName assemblyRef)
   at Microsoft.VisualStudio.TestPlatform.Common.ExtensionFramework.TestPluginCache.CurrentDomainAssemblyResolve(Object sender, AssemblyResolveEventArgs args) in /_/src/Microsoft.TestPlatform.Common/ExtensionFramework/TestPluginCache.cs:line 513
   at System.Runtime.Loader.AssemblyLoadContext.GetFirstResolvedAssemblyFromResolvingEvent(AssemblyName assemblyName)
   at System.Runtime.Loader.AssemblyLoadContext.ResolveUsingEvent(AssemblyName assemblyName)
   at System.Runtime.Loader.AssemblyLoadContext.ResolveUsingResolvingEvent(IntPtr gchManagedAssemblyLoadContext, AssemblyName assemblyName)
TpTrace Warning: 0 : 34868, 1, 2024/05/26, 20:48:03.545, 7057048463793, vstest.console.dll, LoaderExceptions: System.IO.FileNotFoundException: Could not load file or assembly 'Microsoft.Bcl.AsyncInterfaces, Version=6.0.0.0, Culture=neutral, PublicKeyToken=cc7b13ffcd2ddd51'. The system cannot find the file specified.
File name: 'Microsoft.Bcl.AsyncInterfaces, Version=6.0.0.0, Culture=neutral, PublicKeyToken=cc7b13ffcd2ddd51'
 ---> System.IO.FileNotFoundException: Could not load file or assembly 'Microsoft.Bcl.AsyncInterfaces, Culture=neutral, PublicKeyToken=null'. The system cannot find the file specified.
File name: 'Microsoft.Bcl.AsyncInterfaces, Culture=neutral, PublicKeyToken=null'
   at System.Reflection.RuntimeAssembly.InternalLoad(AssemblyName assemblyName, StackCrawlMark& stackMark, AssemblyLoadContext assemblyLoadContext, RuntimeAssembly requestingAssembly, Boolean throwOnFileNotFound)
   at System.Reflection.Assembly.Load(AssemblyName assemblyRef)
   at Microsoft.VisualStudio.TestPlatform.Common.ExtensionFramework.TestPluginCache.CurrentDomainAssemblyResolve(Object sender, AssemblyResolveEventArgs args) in /_/src/Microsoft.TestPlatform.Common/ExtensionFramework/TestPluginCache.cs:line 513
   at System.Runtime.Loader.AssemblyLoadContext.GetFirstResolvedAssemblyFromResolvingEvent(AssemblyName assemblyName)
   at System.Runtime.Loader.AssemblyLoadContext.ResolveUsingEvent(AssemblyName assemblyName)
   at System.Runtime.Loader.AssemblyLoadContext.ResolveUsingResolvingEvent(IntPtr gchManagedAssemblyLoadContext, AssemblyName assemblyName)
TpTrace Information: 0 : 34868, 1, 2024/05/26, 20:48:03.545, 7057048464951, vstest.console.dll, AssemblyResolver.OnResolve: Microsoft.TestPlatform.Extensions.BlameDataCollector: Resolving assembly.
TpTrace Information: 0 : 34868, 1, 2024/05/26, 20:48:03.545, 7057048465297, vstest.console.dll, AssemblyResolver.OnResolve: Microsoft.TestPlatform.Extensions.BlameDataCollector: Searching in: 'C:\Program Files\dotnet\sdk\8.0.202\Extensions'.
TpTrace Information: 0 : 34868, 1, 2024/05/26, 20:48:03.546, 7057048468210, vstest.console.dll, AssemblyResolver.OnResolve: Microsoft.TestPlatform.Extensions.BlameDataCollector: Loading assembly 'C:\Program Files\dotnet\sdk\8.0.202\Extensions\Microsoft.TestPlatform.Extensions.BlameDataCollector.dll'.
TpTrace Information: 0 : 34868, 1, 2024/05/26, 20:48:03.551, 7057048516899, vstest.console.dll, AssemblyResolver.OnResolve: Resolved assembly: Microsoft.TestPlatform.Extensions.BlameDataCollector, from path: C:\Program Files\dotnet\sdk\8.0.202\Extensions\Microsoft.TestPlatform.Extensions.BlameDataCollector.dll
TpTrace Verbose: 0 : 34868, 1, 2024/05/26, 20:48:03.551, 7057048518292, vstest.console.dll, MetadataReaderExtensionsHelper: Discovering extensions inside assembly 'Microsoft.TestPlatform.Extensions.BlameDataCollector, Version=15.0.0.0, Culture=neutral, PublicKeyToken=b03f5f7f11d50a3a' file path 'C:\Program Files\dotnet\sdk\8.0.202\Extensions\Microsoft.TestPlatform.Extensions.BlameDataCollector.dll'
TpTrace Information: 0 : 34868, 1, 2024/05/26, 20:48:03.552, 7057048528477, vstest.console.dll, AssemblyResolver.OnResolve: Microsoft.TestPlatform.Extensions.EventLogCollector: Resolving assembly.
TpTrace Information: 0 : 34868, 1, 2024/05/26, 20:48:03.552, 7057048529303, vstest.console.dll, AssemblyResolver.OnResolve: Microsoft.TestPlatform.Extensions.EventLogCollector: Searching in: 'C:\Program Files\dotnet\sdk\8.0.202\Extensions'.
TpTrace Information: 0 : 34868, 1, 2024/05/26, 20:48:03.552, 7057048533267, vstest.console.dll, AssemblyResolver.OnResolve: Microsoft.TestPlatform.Extensions.EventLogCollector: Loading assembly 'C:\Program Files\dotnet\sdk\8.0.202\Extensions\Microsoft.TestPlatform.Extensions.EventLogCollector.dll'.
TpTrace Information: 0 : 34868, 1, 2024/05/26, 20:48:03.556, 7057048568289, vstest.console.dll, AssemblyResolver.OnResolve: Resolved assembly: Microsoft.TestPlatform.Extensions.EventLogCollector, from path: C:\Program Files\dotnet\sdk\8.0.202\Extensions\Microsoft.TestPlatform.Extensions.EventLogCollector.dll
TpTrace Verbose: 0 : 34868, 1, 2024/05/26, 20:48:03.556, 7057048569117, vstest.console.dll, MetadataReaderExtensionsHelper: Discovering extensions inside assembly 'Microsoft.TestPlatform.Extensions.EventLogCollector, Version=15.0.0.0, Culture=neutral, PublicKeyToken=b03f5f7f11d50a3a' file path 'C:\Program Files\dotnet\sdk\8.0.202\Extensions\Microsoft.TestPlatform.Extensions.EventLogCollector.dll'
TpTrace Information: 0 : 34868, 1, 2024/05/26, 20:48:03.561, 7057048619616, vstest.console.dll, AssemblyResolver.OnResolve: Microsoft.TestPlatform.TestHostRuntimeProvider: Resolving assembly.
TpTrace Information: 0 : 34868, 1, 2024/05/26, 20:48:03.561, 7057048620494, vstest.console.dll, AssemblyResolver.OnResolve: Microsoft.TestPlatform.TestHostRuntimeProvider: Searching in: 'C:\Program Files\dotnet\sdk\8.0.202\Extensions'.
TpTrace Information: 0 : 34868, 1, 2024/05/26, 20:48:03.563, 7057048637707, vstest.console.dll, AssemblyResolver.OnResolve: Microsoft.TestPlatform.TestHostRuntimeProvider: Loading assembly 'C:\Program Files\dotnet\sdk\8.0.202\Extensions\Microsoft.TestPlatform.TestHostRuntimeProvider.dll'.
TpTrace Information: 0 : 34868, 1, 2024/05/26, 20:48:03.566, 7057048667722, vstest.console.dll, AssemblyResolver.OnResolve: Resolved assembly: Microsoft.TestPlatform.TestHostRuntimeProvider, from path: C:\Program Files\dotnet\sdk\8.0.202\Extensions\Microsoft.TestPlatform.TestHostRuntimeProvider.dll
TpTrace Verbose: 0 : 34868, 1, 2024/05/26, 20:48:03.566, 7057048668701, vstest.console.dll, MetadataReaderExtensionsHelper: Discovering extensions inside assembly 'Microsoft.TestPlatform.TestHostRuntimeProvider, Version=15.0.0.0, Culture=neutral, PublicKeyToken=b03f5f7f11d50a3a' file path 'C:\Program Files\dotnet\sdk\8.0.202\Extensions\Microsoft.TestPlatform.TestHostRuntimeProvider.dll'
TpTrace Information: 0 : 34868, 1, 2024/05/26, 20:48:03.567, 7057048682277, vstest.console.dll, GetTestExtensionFromType: Register extension with identifier data 'HostProvider://DefaultTestHost' and type 'Microsoft.VisualStudio.TestPlatform.CrossPlatEngine.Hosting.DefaultTestHostManager, Microsoft.TestPlatform.TestHostRuntimeProvider, Version=15.0.0.0, Culture=neutral, PublicKeyToken=b03f5f7f11d50a3a' inside file 'C:\Program Files\dotnet\sdk\8.0.202\Extensions\Microsoft.TestPlatform.TestHostRuntimeProvider.dll'
TpTrace Information: 0 : 34868, 1, 2024/05/26, 20:48:03.567, 7057048684565, vstest.console.dll, GetTestExtensionFromType: Register extension with identifier data 'HostProvider://DotnetTestHost' and type 'Microsoft.VisualStudio.TestPlatform.CrossPlatEngine.Hosting.DotnetTestHostManager, Microsoft.TestPlatform.TestHostRuntimeProvider, Version=15.0.0.0, Culture=neutral, PublicKeyToken=b03f5f7f11d50a3a' inside file 'C:\Program Files\dotnet\sdk\8.0.202\Extensions\Microsoft.TestPlatform.TestHostRuntimeProvider.dll'
TpTrace Information: 0 : 34868, 1, 2024/05/26, 20:48:03.567, 7057048685441, vstest.console.dll, AssemblyResolver.OnResolve: Microsoft.VisualStudio.TestPlatform.Extensions.Html.TestLogger: Resolving assembly.
TpTrace Information: 0 : 34868, 1, 2024/05/26, 20:48:03.568, 7057048685913, vstest.console.dll, AssemblyResolver.OnResolve: Microsoft.VisualStudio.TestPlatform.Extensions.Html.TestLogger: Searching in: 'C:\Program Files\dotnet\sdk\8.0.202\Extensions'.
TpTrace Information: 0 : 34868, 1, 2024/05/26, 20:48:03.568, 7057048690577, vstest.console.dll, AssemblyResolver.OnResolve: Microsoft.VisualStudio.TestPlatform.Extensions.Html.TestLogger: Loading assembly 'C:\Program Files\dotnet\sdk\8.0.202\Extensions\Microsoft.VisualStudio.TestPlatform.Extensions.Html.TestLogger.dll'.
TpTrace Information: 0 : 34868, 1, 2024/05/26, 20:48:03.570, 7057048713819, vstest.console.dll, AssemblyResolver.OnResolve: Resolved assembly: Microsoft.VisualStudio.TestPlatform.Extensions.Html.TestLogger, from path: C:\Program Files\dotnet\sdk\8.0.202\Extensions\Microsoft.VisualStudio.TestPlatform.Extensions.Html.TestLogger.dll
TpTrace Verbose: 0 : 34868, 1, 2024/05/26, 20:48:03.570, 7057048714713, vstest.console.dll, MetadataReaderExtensionsHelper: Discovering extensions inside assembly 'Microsoft.VisualStudio.TestPlatform.Extensions.Html.TestLogger, Version=15.0.0.0, Culture=neutral, PublicKeyToken=b03f5f7f11d50a3a' file path 'C:\Program Files\dotnet\sdk\8.0.202\Extensions\Microsoft.VisualStudio.TestPlatform.Extensions.Html.TestLogger.dll'
TpTrace Information: 0 : 34868, 1, 2024/05/26, 20:48:03.571, 7057048719818, vstest.console.dll, AssemblyResolver.OnResolve: Microsoft.VisualStudio.TestPlatform.Extensions.Trx.TestLogger: Resolving assembly.
TpTrace Information: 0 : 34868, 1, 2024/05/26, 20:48:03.571, 7057048720482, vstest.console.dll, AssemblyResolver.OnResolve: Microsoft.VisualStudio.TestPlatform.Extensions.Trx.TestLogger: Searching in: 'C:\Program Files\dotnet\sdk\8.0.202\Extensions'.
TpTrace Information: 0 : 34868, 1, 2024/05/26, 20:48:03.572, 7057048729726, vstest.console.dll, AssemblyResolver.OnResolve: Microsoft.VisualStudio.TestPlatform.Extensions.Trx.TestLogger: Loading assembly 'C:\Program Files\dotnet\sdk\8.0.202\Extensions\Microsoft.VisualStudio.TestPlatform.Extensions.Trx.TestLogger.dll'.
TpTrace Information: 0 : 34868, 1, 2024/05/26, 20:48:03.574, 7057048754439, vstest.console.dll, AssemblyResolver.OnResolve: Resolved assembly: Microsoft.VisualStudio.TestPlatform.Extensions.Trx.TestLogger, from path: C:\Program Files\dotnet\sdk\8.0.202\Extensions\Microsoft.VisualStudio.TestPlatform.Extensions.Trx.TestLogger.dll
TpTrace Verbose: 0 : 34868, 1, 2024/05/26, 20:48:03.574, 7057048755269, vstest.console.dll, MetadataReaderExtensionsHelper: Discovering extensions inside assembly 'Microsoft.VisualStudio.TestPlatform.Extensions.Trx.TestLogger, Version=15.0.0.0, Culture=neutral, PublicKeyToken=b03f5f7f11d50a3a' file path 'C:\Program Files\dotnet\sdk\8.0.202\Extensions\Microsoft.VisualStudio.TestPlatform.Extensions.Trx.TestLogger.dll'
TpTrace Verbose: 0 : 34868, 1, 2024/05/26, 20:48:03.575, 7057048764501, vstest.console.dll, TestPluginCache: Discovered the extensions using extension path ''.
TpTrace Verbose: 0 : 34868, 1, 2024/05/26, 20:48:03.575, 7057048765271, vstest.console.dll, TestPluginCache: Discoverers are ''.
TpTrace Verbose: 0 : 34868, 1, 2024/05/26, 20:48:03.575, 7057048765572, vstest.console.dll, TestPluginCache: Executors are ''.
TpTrace Verbose: 0 : 34868, 1, 2024/05/26, 20:48:03.576, 7057048765804, vstest.console.dll, TestPluginCache: Executors2 are ''.
TpTrace Verbose: 0 : 34868, 1, 2024/05/26, 20:48:03.576, 7057048766046, vstest.console.dll, TestPluginCache: Setting providers are ''.
TpTrace Verbose: 0 : 34868, 1, 2024/05/26, 20:48:03.576, 7057048766271, vstest.console.dll, TestPluginCache: Loggers are ''.
TpTrace Verbose: 0 : 34868, 1, 2024/05/26, 20:48:03.576, 7057048767763, vstest.console.dll, TestPluginCache: TestHosts are 'HostProvider://DefaultTestHost,HostProvider://DotnetTestHost'.
TpTrace Verbose: 0 : 34868, 1, 2024/05/26, 20:48:03.576, 7057048768321, vstest.console.dll, TestPluginCache: DataCollectors are ''.
TpTrace Information: 0 : 34868, 1, 2024/05/26, 20:48:03.591, 7057048915931, vstest.console.dll, RunTestsArgumentProcessor:Execute: Test run is starting.
TpTrace Verbose: 0 : 34868, 1, 2024/05/26, 20:48:03.591, 7057048917139, vstest.console.dll, RunTestsArgumentProcessor:Execute: Queuing Test run.
TpTrace Information: 0 : 34868, 1, 2024/05/26, 20:48:03.591, 7057048921727, vstest.console.dll, TestRequestManager.RunTests: run tests started.
TpTrace Information: 0 : 34868, 1, 2024/05/26, 20:48:03.598, 7057048992356, vstest.console.dll, AssemblyMetadataProvider.GetFrameworkName: Determined framework:'.NETCoreApp,Version=v8.0' for source: 'C:\Repos\Rewe_test\JobSearcher_QueriesTest\bin\Debug\net8.0\fine-code-coverage\build-output\JobSearcher_QueriesTest.dll'
TpTrace Information: 0 : 34868, 1, 2024/05/26, 20:48:03.598, 7057048994587, vstest.console.dll, Determined framework for all sources: .NETCoreApp,Version=v8.0
TpTrace Verbose: 0 : 34868, 1, 2024/05/26, 20:48:03.599, 7057048997840, vstest.console.dll, TestRequestManager.UpdateRunSettingsIfRequired: Default architecture: X64 IsDefaultTargetArchitecture: True, Current process architecture: X64 OperatingSystem: Windows.
TpTrace Information: 0 : 34868, 1, 2024/05/26, 20:48:03.600, 7057049010660, vstest.console.dll, AssemblyMetadataProvider.GetArchitecture: Determined architecture:AnyCPU info for assembly: C:\Repos\Rewe_test\JobSearcher_QueriesTest\bin\Debug\net8.0\fine-code-coverage\build-output\JobSearcher_QueriesTest.dll
TpTrace Information: 0 : 34868, 1, 2024/05/26, 20:48:03.600, 7057049011369, vstest.console.dll, Determined platform for source 'C:\Repos\Rewe_test\JobSearcher_QueriesTest\bin\Debug\net8.0\fine-code-coverage\build-output\JobSearcher_QueriesTest.dll' was AnyCPU and it will use the default plaform X64.
TpTrace Information: 0 : 34868, 1, 2024/05/26, 20:48:03.600, 7057049011641, vstest.console.dll, None of the sources provided any runnable platform, using the default platform: X64
TpTrace Information: 0 : 34868, 1, 2024/05/26, 20:48:03.600, 7057049012377, vstest.console.dll, Platform was updated to 'X64'.
TpTrace Information: 0 : 34868, 1, 2024/05/26, 20:48:03.605, 7057049062514, vstest.console.dll, InferRunSettingsHelper.IsTestSettingsEnabled: Unable to navigate to RunSettings/MSTest. Current node: RunSettings
TpTrace Information: 0 : 34868, 1, 2024/05/26, 20:48:03.606, 7057049068649, vstest.console.dll, AssemblyResolver.OnResolve: Microsoft.VisualStudio.TestPlatform.Fakes: Resolving assembly.
TpTrace Information: 0 : 34868, 1, 2024/05/26, 20:48:03.606, 7057049069356, vstest.console.dll, AssemblyResolver.OnResolve: Microsoft.VisualStudio.TestPlatform.Fakes: Searching in: 'C:\Program Files\dotnet\sdk\8.0.202\Extensions'.
TpTrace Information: 0 : 34868, 1, 2024/05/26, 20:48:03.606, 7057049070073, vstest.console.dll, AssemblyResolver.OnResolve: Microsoft.VisualStudio.TestPlatform.Fakes: Assembly path does not exist: 'C:\Program Files\dotnet\sdk\8.0.202\Extensions\Microsoft.VisualStudio.TestPlatform.Fakes.dll', returning.
TpTrace Information: 0 : 34868, 1, 2024/05/26, 20:48:03.606, 7057049070547, vstest.console.dll, AssemblyResolver.OnResolve: Microsoft.VisualStudio.TestPlatform.Fakes: Assembly path does not exist: 'C:\Program Files\dotnet\sdk\8.0.202\Extensions\Microsoft.VisualStudio.TestPlatform.Fakes.exe', returning.
TpTrace Information: 0 : 34868, 1, 2024/05/26, 20:48:03.606, 7057049070819, vstest.console.dll, AssemblyResolver.OnResolve: Microsoft.VisualStudio.TestPlatform.Fakes: Searching in: 'C:\Program Files\dotnet\sdk\8.0.202'.
TpTrace Information: 0 : 34868, 1, 2024/05/26, 20:48:03.606, 7057049071354, vstest.console.dll, AssemblyResolver.OnResolve: Microsoft.VisualStudio.TestPlatform.Fakes: Assembly path does not exist: 'C:\Program Files\dotnet\sdk\8.0.202\Microsoft.VisualStudio.TestPlatform.Fakes.dll', returning.
TpTrace Information: 0 : 34868, 1, 2024/05/26, 20:48:03.606, 7057049071908, vstest.console.dll, AssemblyResolver.OnResolve: Microsoft.VisualStudio.TestPlatform.Fakes: Assembly path does not exist: 'C:\Program Files\dotnet\sdk\8.0.202\Microsoft.VisualStudio.TestPlatform.Fakes.exe', returning.
TpTrace Information: 0 : 34868, 1, 2024/05/26, 20:48:03.606, 7057049072167, vstest.console.dll, AssemblyResolver.OnResolve: Microsoft.VisualStudio.TestPlatform.Fakes: Failed to load assembly.
TpTrace Information: 0 : 34868, 1, 2024/05/26, 20:48:03.606, 7057049074324, vstest.console.dll, Failed to load assembly Microsoft.VisualStudio.TestPlatform.Fakes, Version=17.0.0.0, Culture=neutral. Reason:System.IO.FileNotFoundException: Could not load file or assembly 'Microsoft.VisualStudio.TestPlatform.Fakes, Version=17.0.0.0, Culture=neutral, PublicKeyToken=null'. The system cannot find the file specified.
File name: 'Microsoft.VisualStudio.TestPlatform.Fakes, Version=17.0.0.0, Culture=neutral, PublicKeyToken=null'
   at System.Reflection.RuntimeAssembly.InternalLoad(AssemblyName assemblyName, StackCrawlMark& stackMark, AssemblyLoadContext assemblyLoadContext, RuntimeAssembly requestingAssembly, Boolean throwOnFileNotFound)
   at System.Reflection.Assembly.Load(AssemblyName assemblyRef)
   at Microsoft.VisualStudio.TestPlatform.Common.Utilities.FakesUtilities.LoadTestPlatformAssembly() in /_/src/Microsoft.TestPlatform.Common/Utilities/FakesUtilities.cs:line 272
TpTrace Verbose: 0 : 34868, 1, 2024/05/26, 20:48:03.609, 7057049102696, vstest.console.dll, TestPluginCache.DiscoverTestExtensions: finding test extensions in assemblies ends with: TestLogger.dll TPluginInfo: Microsoft.VisualStudio.TestPlatform.Common.ExtensionFramework.Utilities.TestLoggerPluginInformation TExtension: Microsoft.VisualStudio.TestPlatform.ObjectModel.Client.ITestLogger
TpTrace Verbose: 0 : 34868, 1, 2024/05/26, 20:48:03.609, 7057049103524, vstest.console.dll, TestPluginCache.GetExtensionPaths: Filtered extension paths: 
TpTrace Verbose: 0 : 34868, 1, 2024/05/26, 20:48:03.609, 7057049103874, vstest.console.dll, TestPluginCache.GetExtensionPaths: Added default extension paths: C:\Program Files\dotnet\sdk\8.0.202\Extensions\Microsoft.Diagnostics.NETCore.Client.dll
C:\Program Files\dotnet\sdk\8.0.202\Extensions\Microsoft.TestPlatform.Extensions.BlameDataCollector.dll
C:\Program Files\dotnet\sdk\8.0.202\Extensions\Microsoft.TestPlatform.Extensions.EventLogCollector.dll
C:\Program Files\dotnet\sdk\8.0.202\Extensions\Microsoft.TestPlatform.TestHostRuntimeProvider.dll
C:\Program Files\dotnet\sdk\8.0.202\Extensions\Microsoft.VisualStudio.TestPlatform.Extensions.Html.TestLogger.dll
C:\Program Files\dotnet\sdk\8.0.202\Extensions\Microsoft.VisualStudio.TestPlatform.Extensions.Trx.TestLogger.dll
TpTrace Verbose: 0 : 34868, 1, 2024/05/26, 20:48:03.609, 7057049104128, vstest.console.dll, TestPluginCache.GetExtensionPaths: Added unfilterableExtensionPaths: 
TpTrace Information: 0 : 34868, 1, 2024/05/26, 20:48:03.609, 7057049105043, vstest.console.dll, AssemblyResolver.AddSearchDirectories: Adding more searchDirectories C:\Program Files\dotnet\sdk\8.0.202\Extensions,C:\Program Files\dotnet\sdk\8.0.202
TpTrace Verbose: 0 : 34868, 1, 2024/05/26, 20:48:03.609, 7057049105418, vstest.console.dll, TestPluginCache.DiscoverTestExtensions: Discovering the extensions using extension path.
TpTrace Verbose: 0 : 34868, 1, 2024/05/26, 20:48:03.610, 7057049105710, vstest.console.dll, TestPluginCache.GetExtensionPaths: Filtered extension paths: 
TpTrace Verbose: 0 : 34868, 1, 2024/05/26, 20:48:03.610, 7057049105995, vstest.console.dll, TestPluginCache.GetExtensionPaths: Added default extension paths: C:\Program Files\dotnet\sdk\8.0.202\Extensions\Microsoft.Diagnostics.NETCore.Client.dll
C:\Program Files\dotnet\sdk\8.0.202\Extensions\Microsoft.TestPlatform.Extensions.BlameDataCollector.dll
C:\Program Files\dotnet\sdk\8.0.202\Extensions\Microsoft.TestPlatform.Extensions.EventLogCollector.dll
C:\Program Files\dotnet\sdk\8.0.202\Extensions\Microsoft.TestPlatform.TestHostRuntimeProvider.dll
C:\Program Files\dotnet\sdk\8.0.202\Extensions\Microsoft.VisualStudio.TestPlatform.Extensions.Html.TestLogger.dll
C:\Program Files\dotnet\sdk\8.0.202\Extensions\Microsoft.VisualStudio.TestPlatform.Extensions.Trx.TestLogger.dll
TpTrace Verbose: 0 : 34868, 1, 2024/05/26, 20:48:03.610, 7057049106249, vstest.console.dll, TestPluginCache.GetExtensionPaths: Added unfilterableExtensionPaths: 
TpTrace Verbose: 0 : 34868, 1, 2024/05/26, 20:48:03.610, 7057049106525, vstest.console.dll, TestPluginCache.DiscoverTestExtensions: Discovering the extensions using allExtensionPaths: C:\Program Files\dotnet\sdk\8.0.202\Extensions\Microsoft.Diagnostics.NETCore.Client.dll
C:\Program Files\dotnet\sdk\8.0.202\Extensions\Microsoft.TestPlatform.Extensions.BlameDataCollector.dll
C:\Program Files\dotnet\sdk\8.0.202\Extensions\Microsoft.TestPlatform.Extensions.EventLogCollector.dll
C:\Program Files\dotnet\sdk\8.0.202\Extensions\Microsoft.TestPlatform.TestHostRuntimeProvider.dll
C:\Program Files\dotnet\sdk\8.0.202\Extensions\Microsoft.VisualStudio.TestPlatform.Extensions.Html.TestLogger.dll
C:\Program Files\dotnet\sdk\8.0.202\Extensions\Microsoft.VisualStudio.TestPlatform.Extensions.Trx.TestLogger.dll
TpTrace Information: 0 : 34868, 1, 2024/05/26, 20:48:03.610, 7057049107420, vstest.console.dll, AssemblyResolver.AddSearchDirectories: Adding more searchDirectories C:\Program Files\dotnet\sdk\8.0.202\Extensions,C:\Program Files\dotnet\sdk\8.0.202
TpTrace Information: 0 : 34868, 1, 2024/05/26, 20:48:03.610, 7057049107851, vstest.console.dll, AssemblyResolver.AddSearchDirectories: Adding more searchDirectories C:\Program Files\dotnet\sdk\8.0.202\Extensions,C:\Program Files\dotnet\sdk\8.0.202
TpTrace Information: 0 : 34868, 1, 2024/05/26, 20:48:03.610, 7057049108349, vstest.console.dll, AssemblyResolver.AddSearchDirectories: Adding more searchDirectories C:\Program Files\dotnet\sdk\8.0.202\Extensions,C:\Program Files\dotnet\sdk\8.0.202
TpTrace Information: 0 : 34868, 1, 2024/05/26, 20:48:03.610, 7057049108617, vstest.console.dll, AssemblyResolver.AddSearchDirectories: Adding more searchDirectories C:\Program Files\dotnet\sdk\8.0.202\Extensions,C:\Program Files\dotnet\sdk\8.0.202
TpTrace Information: 0 : 34868, 1, 2024/05/26, 20:48:03.610, 7057049108874, vstest.console.dll, AssemblyResolver.AddSearchDirectories: Adding more searchDirectories C:\Program Files\dotnet\sdk\8.0.202\Extensions,C:\Program Files\dotnet\sdk\8.0.202
TpTrace Information: 0 : 34868, 1, 2024/05/26, 20:48:03.610, 7057049109167, vstest.console.dll, AssemblyResolver.AddSearchDirectories: Adding more searchDirectories C:\Program Files\dotnet\sdk\8.0.202\Extensions,C:\Program Files\dotnet\sdk\8.0.202
TpTrace Verbose: 0 : 34868, 1, 2024/05/26, 20:48:03.610, 7057049110164, vstest.console.dll, MetadataReaderExtensionsHelper: Discovering extensions inside assembly 'Microsoft.Diagnostics.NETCore.Client, Version=0.2.9.2401, Culture=neutral, PublicKeyToken=31bf3856ad364e35' file path 'C:\Program Files\dotnet\sdk\8.0.202\Extensions\Microsoft.Diagnostics.NETCore.Client.dll'
TpTrace Information: 0 : 34868, 1, 2024/05/26, 20:48:03.610, 7057049115200, vstest.console.dll, AssemblyResolver.OnResolve: Microsoft.Bcl.AsyncInterfaces: Resolving assembly.
TpTrace Information: 0 : 34868, 1, 2024/05/26, 20:48:03.611, 7057049115719, vstest.console.dll, AssemblyResolver.OnResolve: Microsoft.Bcl.AsyncInterfaces: Resolved from cache.
TpTrace Verbose: 0 : 34868, 1, 2024/05/26, 20:48:03.611, 7057049116160, vstest.console.dll, CurrentDomainAssemblyResolve: Resolving assembly 'Microsoft.Bcl.AsyncInterfaces'.
TpTrace Information: 0 : 34868, 1, 2024/05/26, 20:48:03.611, 7057049116584, vstest.console.dll, AssemblyResolver.OnResolve: Microsoft.Bcl.AsyncInterfaces: Resolving assembly.
TpTrace Information: 0 : 34868, 1, 2024/05/26, 20:48:03.611, 7057049116954, vstest.console.dll, AssemblyResolver.OnResolve: Microsoft.Bcl.AsyncInterfaces: Resolved from cache.
TpTrace Verbose: 0 : 34868, 1, 2024/05/26, 20:48:03.611, 7057049117433, vstest.console.dll, CurrentDomainAssemblyResolve: Resolving assembly 'Microsoft.Bcl.AsyncInterfaces'.
TpTrace Verbose: 0 : 34868, 1, 2024/05/26, 20:48:03.611, 7057049118552, vstest.console.dll, CurrentDomainAssemblyResolve: Failed to resolve assembly 'Microsoft.Bcl.AsyncInterfaces'.
TpTrace Verbose: 0 : 34868, 1, 2024/05/26, 20:48:03.611, 7057049120399, vstest.console.dll, CurrentDomainAssemblyResolve: Failed to resolve assembly 'Microsoft.Bcl.AsyncInterfaces'.
TpTrace Warning: 0 : 34868, 1, 2024/05/26, 20:48:03.611, 7057049123594, vstest.console.dll, TestPluginDiscoverer: Failed to get types from assembly 'Microsoft.Diagnostics.NETCore.Client, Version=0.2.9.2401, Culture=neutral, PublicKeyToken=31bf3856ad364e35'. Error: System.Reflection.ReflectionTypeLoadException: Unable to load one or more of the requested types.
Could not load file or assembly 'Microsoft.Bcl.AsyncInterfaces, Version=6.0.0.0, Culture=neutral, PublicKeyToken=cc7b13ffcd2ddd51'. The system cannot find the file specified.
   at System.Reflection.RuntimeModule.GetTypes(RuntimeModule module)
   at System.Reflection.RuntimeModule.GetTypes()
   at Microsoft.VisualStudio.TestPlatform.Common.ExtensionFramework.TestPluginDiscoverer.GetTestExtensionsFromAssembly[TPluginInfo,TExtension](Assembly assembly, Dictionary`2 pluginInfos, String filePath) in /_/src/Microsoft.TestPlatform.Common/ExtensionFramework/TestPluginDiscoverer.cs:line 158
System.IO.FileNotFoundException: Could not load file or assembly 'Microsoft.Bcl.AsyncInterfaces, Version=6.0.0.0, Culture=neutral, PublicKeyToken=cc7b13ffcd2ddd51'. The system cannot find the file specified.
File name: 'Microsoft.Bcl.AsyncInterfaces, Version=6.0.0.0, Culture=neutral, PublicKeyToken=cc7b13ffcd2ddd51'
 ---> System.IO.FileNotFoundException: Could not load file or assembly 'Microsoft.Bcl.AsyncInterfaces, Culture=neutral, PublicKeyToken=null'. The system cannot find the file specified.
File name: 'Microsoft.Bcl.AsyncInterfaces, Culture=neutral, PublicKeyToken=null'
   at System.Reflection.RuntimeAssembly.InternalLoad(AssemblyName assemblyName, StackCrawlMark& stackMark, AssemblyLoadContext assemblyLoadContext, RuntimeAssembly requestingAssembly, Boolean throwOnFileNotFound)
   at System.Reflection.Assembly.Load(AssemblyName assemblyRef)
   at Microsoft.VisualStudio.TestPlatform.Common.ExtensionFramework.TestPluginCache.CurrentDomainAssemblyResolve(Object sender, AssemblyResolveEventArgs args) in /_/src/Microsoft.TestPlatform.Common/ExtensionFramework/TestPluginCache.cs:line 513
   at System.Runtime.Loader.AssemblyLoadContext.GetFirstResolvedAssemblyFromResolvingEvent(AssemblyName assemblyName)
   at System.Runtime.Loader.AssemblyLoadContext.ResolveUsingEvent(AssemblyName assemblyName)
   at System.Runtime.Loader.AssemblyLoadContext.ResolveUsingResolvingEvent(IntPtr gchManagedAssemblyLoadContext, AssemblyName assemblyName)
TpTrace Warning: 0 : 34868, 1, 2024/05/26, 20:48:03.611, 7057049125113, vstest.console.dll, LoaderExceptions: System.IO.FileNotFoundException: Could not load file or assembly 'Microsoft.Bcl.AsyncInterfaces, Version=6.0.0.0, Culture=neutral, PublicKeyToken=cc7b13ffcd2ddd51'. The system cannot find the file specified.
File name: 'Microsoft.Bcl.AsyncInterfaces, Version=6.0.0.0, Culture=neutral, PublicKeyToken=cc7b13ffcd2ddd51'
 ---> System.IO.FileNotFoundException: Could not load file or assembly 'Microsoft.Bcl.AsyncInterfaces, Culture=neutral, PublicKeyToken=null'. The system cannot find the file specified.
File name: 'Microsoft.Bcl.AsyncInterfaces, Culture=neutral, PublicKeyToken=null'
   at System.Reflection.RuntimeAssembly.InternalLoad(AssemblyName assemblyName, StackCrawlMark& stackMark, AssemblyLoadContext assemblyLoadContext, RuntimeAssembly requestingAssembly, Boolean throwOnFileNotFound)
   at System.Reflection.Assembly.Load(AssemblyName assemblyRef)
   at Microsoft.VisualStudio.TestPlatform.Common.ExtensionFramework.TestPluginCache.CurrentDomainAssemblyResolve(Object sender, AssemblyResolveEventArgs args) in /_/src/Microsoft.TestPlatform.Common/ExtensionFramework/TestPluginCache.cs:line 513
   at System.Runtime.Loader.AssemblyLoadContext.GetFirstResolvedAssemblyFromResolvingEvent(AssemblyName assemblyName)
   at System.Runtime.Loader.AssemblyLoadContext.ResolveUsingEvent(AssemblyName assemblyName)
   at System.Runtime.Loader.AssemblyLoadContext.ResolveUsingResolvingEvent(IntPtr gchManagedAssemblyLoadContext, AssemblyName assemblyName)
TpTrace Verbose: 0 : 34868, 1, 2024/05/26, 20:48:03.612, 7057049125946, vstest.console.dll, MetadataReaderExtensionsHelper: Discovering extensions inside assembly 'Microsoft.TestPlatform.Extensions.BlameDataCollector, Version=15.0.0.0, Culture=neutral, PublicKeyToken=b03f5f7f11d50a3a' file path 'C:\Program Files\dotnet\sdk\8.0.202\Extensions\Microsoft.TestPlatform.Extensions.BlameDataCollector.dll'
TpTrace Information: 0 : 34868, 1, 2024/05/26, 20:48:03.612, 7057049130438, vstest.console.dll, GetTestExtensionFromType: Register extension with identifier data 'logger://Microsoft/TestPlatform/Extensions/Blame/v1' and type 'Microsoft.TestPlatform.Extensions.BlameDataCollector.BlameLogger, Microsoft.TestPlatform.Extensions.BlameDataCollector, Version=15.0.0.0, Culture=neutral, PublicKeyToken=b03f5f7f11d50a3a' inside file 'C:\Program Files\dotnet\sdk\8.0.202\Extensions\Microsoft.TestPlatform.Extensions.BlameDataCollector.dll'
TpTrace Verbose: 0 : 34868, 1, 2024/05/26, 20:48:03.612, 7057049131314, vstest.console.dll, MetadataReaderExtensionsHelper: Discovering extensions inside assembly 'Microsoft.TestPlatform.Extensions.EventLogCollector, Version=15.0.0.0, Culture=neutral, PublicKeyToken=b03f5f7f11d50a3a' file path 'C:\Program Files\dotnet\sdk\8.0.202\Extensions\Microsoft.TestPlatform.Extensions.EventLogCollector.dll'
TpTrace Verbose: 0 : 34868, 1, 2024/05/26, 20:48:03.612, 7057049133742, vstest.console.dll, MetadataReaderExtensionsHelper: Discovering extensions inside assembly 'Microsoft.TestPlatform.TestHostRuntimeProvider, Version=15.0.0.0, Culture=neutral, PublicKeyToken=b03f5f7f11d50a3a' file path 'C:\Program Files\dotnet\sdk\8.0.202\Extensions\Microsoft.TestPlatform.TestHostRuntimeProvider.dll'
TpTrace Verbose: 0 : 34868, 1, 2024/05/26, 20:48:03.613, 7057049136293, vstest.console.dll, MetadataReaderExtensionsHelper: Discovering extensions inside assembly 'Microsoft.VisualStudio.TestPlatform.Extensions.Html.TestLogger, Version=15.0.0.0, Culture=neutral, PublicKeyToken=b03f5f7f11d50a3a' file path 'C:\Program Files\dotnet\sdk\8.0.202\Extensions\Microsoft.VisualStudio.TestPlatform.Extensions.Html.TestLogger.dll'
TpTrace Information: 0 : 34868, 1, 2024/05/26, 20:48:03.613, 7057049140781, vstest.console.dll, GetTestExtensionFromType: Register extension with identifier data 'logger://Microsoft/TestPlatform/HtmlLogger/v1' and type 'Microsoft.VisualStudio.TestPlatform.Extensions.HtmlLogger.HtmlLogger, Microsoft.VisualStudio.TestPlatform.Extensions.Html.TestLogger, Version=15.0.0.0, Culture=neutral, PublicKeyToken=b03f5f7f11d50a3a' inside file 'C:\Program Files\dotnet\sdk\8.0.202\Extensions\Microsoft.VisualStudio.TestPlatform.Extensions.Html.TestLogger.dll'
TpTrace Verbose: 0 : 34868, 1, 2024/05/26, 20:48:03.613, 7057049141410, vstest.console.dll, MetadataReaderExtensionsHelper: Discovering extensions inside assembly 'Microsoft.VisualStudio.TestPlatform.Extensions.Trx.TestLogger, Version=15.0.0.0, Culture=neutral, PublicKeyToken=b03f5f7f11d50a3a' file path 'C:\Program Files\dotnet\sdk\8.0.202\Extensions\Microsoft.VisualStudio.TestPlatform.Extensions.Trx.TestLogger.dll'
TpTrace Information: 0 : 34868, 1, 2024/05/26, 20:48:03.613, 7057049143892, vstest.console.dll, GetTestExtensionFromType: Register extension with identifier data 'logger://Microsoft/TestPlatform/TrxLogger/v1' and type 'Microsoft.VisualStudio.TestPlatform.Extensions.TrxLogger.TrxLogger, Microsoft.VisualStudio.TestPlatform.Extensions.Trx.TestLogger, Version=15.0.0.0, Culture=neutral, PublicKeyToken=b03f5f7f11d50a3a' inside file 'C:\Program Files\dotnet\sdk\8.0.202\Extensions\Microsoft.VisualStudio.TestPlatform.Extensions.Trx.TestLogger.dll'
TpTrace Verbose: 0 : 34868, 1, 2024/05/26, 20:48:03.613, 7057049144524, vstest.console.dll, TestPluginCache: Discovered the extensions using extension path ''.
TpTrace Verbose: 0 : 34868, 1, 2024/05/26, 20:48:03.613, 7057049144837, vstest.console.dll, TestPluginCache: Discoverers are ''.
TpTrace Verbose: 0 : 34868, 1, 2024/05/26, 20:48:03.613, 7057049145076, vstest.console.dll, TestPluginCache: Executors are ''.
TpTrace Verbose: 0 : 34868, 1, 2024/05/26, 20:48:03.613, 7057049145310, vstest.console.dll, TestPluginCache: Executors2 are ''.
TpTrace Verbose: 0 : 34868, 1, 2024/05/26, 20:48:03.613, 7057049145541, vstest.console.dll, TestPluginCache: Setting providers are ''.
TpTrace Verbose: 0 : 34868, 1, 2024/05/26, 20:48:03.614, 7057049146109, vstest.console.dll, TestPluginCache: Loggers are 'logger://Microsoft/TestPlatform/Extensions/Blame/v1,logger://Microsoft/TestPlatform/HtmlLogger/v1,logger://Microsoft/TestPlatform/TrxLogger/v1'.
TpTrace Verbose: 0 : 34868, 1, 2024/05/26, 20:48:03.614, 7057049146515, vstest.console.dll, TestPluginCache: TestHosts are 'HostProvider://DefaultTestHost,HostProvider://DotnetTestHost'.
TpTrace Verbose: 0 : 34868, 1, 2024/05/26, 20:48:03.614, 7057049146808, vstest.console.dll, TestPluginCache: DataCollectors are ''.
TpTrace Information: 0 : 34868, 1, 2024/05/26, 20:48:03.614, 7057049152236, vstest.console.dll, TestPluginManager.CreateTestExtension: Attempting to load test extension: Microsoft.TestPlatform.Extensions.BlameDataCollector.BlameLogger
TpTrace Verbose: 0 : 34868, 1, 2024/05/26, 20:48:03.623, 7057049245714, vstest.console.dll, TestEngine: Initializing Parallel Execution as MaxCpuCount is set to: 1
TpTrace Information: 0 : 34868, 1, 2024/05/26, 20:48:03.625, 7057049257391, vstest.console.dll, TestPluginManager.CreateTestExtension: Attempting to load test extension: Microsoft.VisualStudio.TestPlatform.CrossPlatEngine.Hosting.DefaultTestHostManager
TpTrace Information: 0 : 34868, 1, 2024/05/26, 20:48:03.625, 7057049263566, vstest.console.dll, TestPluginManager.CreateTestExtension: Attempting to load test extension: Microsoft.VisualStudio.TestPlatform.CrossPlatEngine.Hosting.DotnetTestHostManager
TpTrace Information: 0 : 34868, 1, 2024/05/26, 20:48:03.626, 7057049270153, vstest.console.dll, InferRunSettingsHelper.IsTestSettingsEnabled: Unable to navigate to RunSettings/MSTest. Current node: RunSettings
TpTrace Verbose: 0 : 34868, 1, 2024/05/26, 20:48:03.627, 7057049277834, vstest.console.dll, ParallelOperationManager.ClearSlots: Clearing all slots. Slots should accept more work: True
TpTrace Verbose: 0 : 34868, 1, 2024/05/26, 20:48:03.627, 7057049282732, vstest.console.dll, ParallelOperationManager.SetOccupiedSlotCount: Setting slot counts AvailableSlotCount = 1, OccupiedSlotCount = 0.
TpTrace Verbose: 0 : 34868, 1, 2024/05/26, 20:48:03.627, 7057049285048, vstest.console.dll, Occupied slots:

TpTrace Verbose: 0 : 34868, 1, 2024/05/26, 20:48:03.629, 7057049305503, vstest.console.dll, TestEngine.GetExecutionManager: Chosen execution manager 'Microsoft.VisualStudio.TestPlatform.CrossPlatEngine.Client.Parallel.ParallelProxyExecutionManager, Microsoft.TestPlatform.CrossPlatEngine, Version=15.0.0.0, Culture=neutral, PublicKeyToken=b03f5f7f11d50a3a' ParallelLevel '1'.
TpTrace Verbose: 0 : 34868, 1, 2024/05/26, 20:48:03.630, 7057049306714, vstest.console.dll, TestRunRequest.ExecuteAsync: Creating test run request.
TpTrace Verbose: 0 : 34868, 1, 2024/05/26, 20:48:03.630, 7057049308581, vstest.console.dll, TestRunRequest.ExecuteAsync: Starting.
TpTrace Information: 0 : 34868, 1, 2024/05/26, 20:48:03.630, 7057049315658, vstest.console.dll, TestRunRequest.ExecuteAsync: Starting run with settings:TestRunCriteria:
   KeepAlive=False,FrequencyOfRunStatsChangeEvent=10,RunStatsChangeEventTimeout=00:00:01.5000000,TestCaseFilter=,TestExecutorLauncher=
   Settingsxml=<RunSettings>
  <RunConfiguration>
    <ResultsDirectory>C:\Repos\Rewe_test\JobSearcher_QueriesTest\bin\Debug\net8.0\fine-code-coverage\coverage-tool-output</ResultsDirectory>
    <TargetPlatform>X64</TargetPlatform>
    <TargetFrameworkVersion>.NETCoreApp,Version=v8.0</TargetFrameworkVersion>
    <DesignMode>False</DesignMode>
    <CollectSourceInformation>False</CollectSourceInformation>
  </RunConfiguration>
  <LoggerRunSettings>
    <Loggers>
      <Logger friendlyName="blame" enabled="True" />
      <Logger friendlyName="Console" uri="logger://microsoft/TestPlatform/ConsoleLogger/v1" assemblyQualifiedName="Microsoft.VisualStudio.TestPlatform.CommandLine.Internal.ConsoleLogger, vstest.console, Version=15.0.0.0, Culture=neutral, PublicKeyToken=b03f5f7f11d50a3a" codeBase="C:\Program Files\dotnet\sdk\8.0.202\vstest.console.dll" enabled="True" />
    </Loggers>
  </LoggerRunSettings>
  <DataCollectionRunSettings>
    <DataCollectors>
      <DataCollector friendlyName="blame" enabled="True">
        <Configuration>
          <ResultsDirectory>C:\Repos\Rewe_test\JobSearcher_QueriesTest\bin\Debug\net8.0\fine-code-coverage\coverage-tool-output</ResultsDirectory>
        </Configuration>
      </DataCollector>
    </DataCollectors>
  </DataCollectionRunSettings>
</RunSettings>

TpTrace Verbose: 0 : 34868, 1, 2024/05/26, 20:48:03.631, 7057049316186, vstest.console.dll, TestRunRequest.ExecuteAsync: Wait for the first run request is over.
TpTrace Verbose: 0 : 34868, 1, 2024/05/26, 20:48:03.631, 7057049318552, vstest.console.dll, MulticastDelegateUtilities.SafeInvoke: TestRun.TestRunStart: Invoking callbacks was skipped because there are no subscribers.
TpTrace Verbose: 0 : 34868, 4, 2024/05/26, 20:48:03.631, 7057049320182, vstest.console.dll, MulticastDelegateUtilities.SafeInvoke: InternalTestLoggerEvents.SendTestRunStart: Invoking callback 1/1 for Microsoft.VisualStudio.TestPlatform.CommandLine.Internal.ConsoleLogger., took 0 ms.
TpTrace Verbose: 0 : 34868, 1, 2024/05/26, 20:48:03.632, 7057049325813, vstest.console.dll, ParallelProxyExecutionManager: Start execution. Total sources: 1
TpTrace Verbose: 0 : 34868, 1, 2024/05/26, 20:48:03.632, 7057049328343, vstest.console.dll, ParallelOperationManager.StartWork: Starting adding 1 workloads.
TpTrace Verbose: 0 : 34868, 1, 2024/05/26, 20:48:03.632, 7057049329042, vstest.console.dll, ParallelOperationManager.ClearSlots: Clearing all slots. Slots should accept more work: True
TpTrace Verbose: 0 : 34868, 1, 2024/05/26, 20:48:03.632, 7057049329737, vstest.console.dll, ParallelOperationManager.SetOccupiedSlotCount: Setting slot counts AvailableSlotCount = 1, OccupiedSlotCount = 0.
TpTrace Verbose: 0 : 34868, 1, 2024/05/26, 20:48:03.632, 7057049330041, vstest.console.dll, Occupied slots:

TpTrace Verbose: 0 : 34868, 1, 2024/05/26, 20:48:03.633, 7057049338267, vstest.console.dll, TestRequestSender is acting as server.
TpTrace Verbose: 0 : 34868, 1, 2024/05/26, 20:48:03.633, 7057049345180, vstest.console.dll, ParallelOperationManager.RunWorkInParallel: Adding 1 workload to slot, remaining workloads 0.
TpTrace Verbose: 0 : 34868, 1, 2024/05/26, 20:48:03.634, 7057049345750, vstest.console.dll, ParallelOperationManager.SetOccupiedSlotCount: Setting slot counts AvailableSlotCount = 0, OccupiedSlotCount = 1.
TpTrace Verbose: 0 : 34868, 1, 2024/05/26, 20:48:03.634, 7057049346496, vstest.console.dll, Occupied slots:
0: C:\Repos\Rewe_test\JobSearcher_QueriesTest\bin\Debug\net8.0\fine-code-coverage\build-output\JobSearcher_QueriesTest.dll
TpTrace Verbose: 0 : 34868, 1, 2024/05/26, 20:48:03.634, 7057049352898, vstest.console.dll, ParallelOperationManager.RunWorkInParallel: Started host in slot number 0 for work (source): C:\Repos\Rewe_test\JobSearcher_QueriesTest\bin\Debug\net8.0\fine-code-coverage\build-output\JobSearcher_QueriesTest.dll.
TpTrace Verbose: 0 : 34868, 1, 2024/05/26, 20:48:03.635, 7057049362264, vstest.console.dll, ParallelOperationManager.RunWorkInParallel: We started 1 work items, which is the max parallel level. Won't start more work.
TpTrace Verbose: 0 : 34868, 1, 2024/05/26, 20:48:03.635, 7057049363046, vstest.console.dll, ParallelOperationManager.RunWorkInParallel: We started 1 work items in here, returning True.
TpTrace Verbose: 0 : 34868, 5, 2024/05/26, 20:48:03.635, 7057049363210, vstest.console.dll, ParallelProxyExecutionManager.StartTestRunOnConcurrentManager: Initializing uninitialized client. Started clients: 0
TpTrace Information: 0 : 34868, 1, 2024/05/26, 20:48:03.635, 7057049363356, vstest.console.dll, TestRunRequest.ExecuteAsync: Started.
TpTrace Verbose: 0 : 34868, 5, 2024/05/26, 20:48:03.635, 7057049364770, vstest.console.dll, DataCollectionRequestSender.InitializeCommunication : Initialize communication. 
TpTrace Verbose: 0 : 34868, 1, 2024/05/26, 20:48:03.636, 7057049368513, vstest.console.dll, TestRunRequest.WaitForCompletion: Waiting with timeout -1.
TpTrace Information: 0 : 34868, 5, 2024/05/26, 20:48:03.641, 7057049424034, vstest.console.dll, Listening on Endpoint : 127.0.0.1:58448
TpTrace Verbose: 0 : 34868, 5, 2024/05/26, 20:48:03.646, 7057049473981, vstest.console.dll, DotnetDataCollectionLauncher: Adding  --runtimeconfig "C:\Program Files\dotnet\sdk\8.0.202\datacollector.runtimeconfig.json" in args
TpTrace Verbose: 0 : 34868, 5, 2024/05/26, 20:48:03.647, 7057049477196, vstest.console.dll, DotnetDataCollectionLauncher: Adding  --depsfile "C:\Program Files\dotnet\sdk\8.0.202\datacollector.deps.json" in args
TpTrace Verbose: 0 : 34868, 5, 2024/05/26, 20:48:03.647, 7057049479220, vstest.console.dll, DotnetDataCollectionLauncher: Full path of dotnet.exe is C:\Program Files\dotnet\dotnet.exe
TpTrace Information: 0 : 34868, 5, 2024/05/26, 20:48:03.653, 7057049535850, vstest.console.dll, ProxyDataCollectionManager.Initialize: Launched datacollector processId: 28500 port: 58448
TpTrace Information: 0 : 34868, 5, 2024/05/26, 20:48:03.653, 7057049537568, vstest.console.dll, ProxyDataCollectionManager.Initialize: waiting for connection with timeout: 90 seconds
TpTrace Verbose: 0 : 34868, 5, 2024/05/26, 20:48:03.653, 7057049538089, vstest.console.dll, DataCollectionRequestSender.WaitForRequestHandlerConnection : Waiting for connection with timeout: 90000
TpTrace Information: 0 : 34868, 7, 2024/05/26, 20:48:03.766, 7057050673338, vstest.console.dll, Using the buffer size of 16384 bytes
TpTrace Verbose: 0 : 34868, 5, 2024/05/26, 20:48:03.766, 7057050673454, vstest.console.dll, SocketCommunicationManager.WaitForClientConnection took: 113 ms, with 90000 ms timeout, and finished with True.
TpTrace Information: 0 : 34868, 7, 2024/05/26, 20:48:03.766, 7057050674850, vstest.console.dll, Accepted Client request and set the flag
TpTrace Verbose: 0 : 34868, 5, 2024/05/26, 20:48:03.767, 7057050676175, vstest.console.dll, ProxyDataCollectionManager.InvokeDataCollectionServiceAction: Starting.
TpTrace Information: 0 : 34868, 5, 2024/05/26, 20:48:03.767, 7057050676981, vstest.console.dll, ProxyDataCollectionManager.BeforeTestRunStart: Get environment variable and port for datacollector processId: 28500 port: 58448
TpTrace Verbose: 0 : 34868, 5, 2024/05/26, 20:48:03.767, 7057050677987, vstest.console.dll, DataCollectionRequestSender.SendBeforeTestRunStartAndGetResult: Send BeforeTestRunStart message with settingsXml <RunSettings><RunConfiguration><ResultsDirectory>C:\Repos\Rewe_test\JobSearcher_QueriesTest\bin\Debug\net8.0\fine-code-coverage\coverage-tool-output</ResultsDirectory><TargetPlatform>X64</TargetPlatform><TargetFrameworkVersion>.NETCoreApp,Version=v8.0</TargetFrameworkVersion><DesignMode>False</DesignMode><CollectSourceInformation>False</CollectSourceInformation><TestAdaptersPaths>C:\Program Files\dotnet\sdk\8.0.202\Extensions</TestAdaptersPaths></RunConfiguration><LoggerRunSettings><Loggers><Logger friendlyName="blame" enabled="True" /><Logger friendlyName="Console" uri="logger://microsoft/TestPlatform/ConsoleLogger/v1" assemblyQualifiedName="Microsoft.VisualStudio.TestPlatform.CommandLine.Internal.ConsoleLogger, vstest.console, Version=15.0.0.0, Culture=neutral, PublicKeyToken=b03f5f7f11d50a3a" codeBase="C:\Program Files\dotnet\sdk\8.0.202\vstest.console.dll" enabled="True" /></Loggers></LoggerRunSettings><DataCollectionRunSettings><DataCollectors><DataCollector friendlyName="blame" enabled="True"><Configuration><ResultsDirectory>C:\Repos\Rewe_test\JobSearcher_QueriesTest\bin\Debug\net8.0\fine-code-coverage\coverage-tool-output</ResultsDirectory></Configuration></DataCollector></DataCollectors></DataCollectionRunSettings></RunSettings> and sources System.Collections.Generic.List`1[System.String]: 
TpTrace Verbose: 0 : 34868, 5, 2024/05/26, 20:48:03.802, 7057051035738, vstest.console.dll, DataCollectionRequestSender.SendBeforeTestRunStartAndGetResult: Received message: (DataCollection.SendMessage) -> {"MessageType":"DataCollection.SendMessage","Payload":{"FriendlyName":null,"Uri":null,"TestCaseId":"00000000-0000-0000-0000-000000000000","Message":"Logging DataCollector Diagnostics in file: C:\\Repos\\Rewe_test\\JobSearcher_QueriesTest\\bin\\Debug\\net8.0\\fine-code-coverage\\coverage-tool-output\\diagnostics.datacollector.24-05-26_20-48-03_64625_5.log","Level":0}}
TpTrace Verbose: 0 : 34868, 5, 2024/05/26, 20:48:03.866, 7057051667678, vstest.console.dll, DataCollectionRequestSender.SendBeforeTestRunStartAndGetResult: Received message: (DataCollection.BeforeTestRunStartResult) -> {"MessageType":"DataCollection.BeforeTestRunStartResult","Payload":{"EnvironmentVariables":{},"DataCollectionEventsPort":58450}}
TpTrace Information: 0 : 34868, 5, 2024/05/26, 20:48:03.869, 7057051702150, vstest.console.dll, ProxyDataCollectionManager.BeforeTestRunStart: SendBeforeTestRunStartAndGetResult successful, env variable from datacollector:   and testhost port: 58450
TpTrace Information: 0 : 34868, 5, 2024/05/26, 20:48:03.869, 7057051703116, vstest.console.dll, ProxyDataCollectionManager.InvokeDataCollectionServiceAction: Completed.
TpTrace Verbose: 0 : 34868, 5, 2024/05/26, 20:48:03.869, 7057051703523, vstest.console.dll, ParallelProxyExecutionManager.StartTestRunOnConcurrentManager: Initializing test run. Started clients: 0
TpTrace Verbose: 0 : 34868, 5, 2024/05/26, 20:48:03.869, 7057051704439, vstest.console.dll, ProxyExecutionManager: Test host is always Lazy initialize.
TpTrace Verbose: 0 : 34868, 5, 2024/05/26, 20:48:03.870, 7057051706232, vstest.console.dll, TestRequestSender.InitializeCommunication: initialize communication. 
TpTrace Information: 0 : 34868, 5, 2024/05/26, 20:48:03.870, 7057051712037, vstest.console.dll, SocketServer.Start: Listening on endpoint : 127.0.0.1:58451
TpTrace Verbose: 0 : 34868, 5, 2024/05/26, 20:48:03.871, 7057051717715, vstest.console.dll, DotnetTestHostmanager.GetTestHostProcessStartInfo: Platform environment 'X64' target architecture 'X64' framework '.NETCoreApp,Version=v8.0' OS 'Windows'
TpTrace Verbose: 0 : 34868, 5, 2024/05/26, 20:48:03.871, 7057051719824, vstest.console.dll, DotnetTestHostmanager: Adding  --runtimeconfig "C:\Repos\Rewe_test\JobSearcher_QueriesTest\bin\Debug\net8.0\fine-code-coverage\build-output\JobSearcher_QueriesTest.runtimeconfig.json" in args
TpTrace Verbose: 0 : 34868, 5, 2024/05/26, 20:48:03.871, 7057051720621, vstest.console.dll, DotnetTestHostmanager: Adding  --depsfile "C:\Repos\Rewe_test\JobSearcher_QueriesTest\bin\Debug\net8.0\fine-code-coverage\build-output\JobSearcher_QueriesTest.deps.json" in args
TpTrace Verbose: 0 : 34868, 5, 2024/05/26, 20:48:03.871, 7057051722274, vstest.console.dll, DotnetTestHostmanager.IsWinOnArm: Current PROCESSOR_ARCHITECTURE from environment variable 'AMD64'
TpTrace Verbose: 0 : 34868, 5, 2024/05/26, 20:48:03.871, 7057051722833, vstest.console.dll, DotnetTestHostmanager.IsWinOnArm: Is Windows on ARM 'False'
TpTrace Verbose: 0 : 34868, 5, 2024/05/26, 20:48:03.871, 7057051723583, vstest.console.dll, DotnetTestHostManager: testhost.exe found at path: C:\Repos\Rewe_test\JobSearcher_QueriesTest\bin\Debug\net8.0\fine-code-coverage\build-output\testhost.exe
TpTrace Verbose: 0 : 34868, 5, 2024/05/26, 20:48:03.871, 7057051724024, vstest.console.dll, DotnetTestHostmanager: Full path of host exe is C:\Repos\Rewe_test\JobSearcher_QueriesTest\bin\Debug\net8.0\fine-code-coverage\build-output\testhost.exe
TpTrace Verbose: 0 : 34868, 5, 2024/05/26, 20:48:03.871, 7057051725057, vstest.console.dll, DotnetTestHostmanager.LaunchTestHostAsync: Found 'VSTEST_WINAPPHOST_DOTNET_ROOT' in env variables, value 'C:\Program Files\dotnet', forwarding to 'DOTNET_ROOT'
TpTrace Verbose: 0 : 34868, 5, 2024/05/26, 20:48:03.872, 7057051726457, vstest.console.dll, DotnetTestHostManager: Starting process 'C:\Repos\Rewe_test\JobSearcher_QueriesTest\bin\Debug\net8.0\fine-code-coverage\build-output\testhost.exe' with command line ' --runtimeconfig "C:\Repos\Rewe_test\JobSearcher_QueriesTest\bin\Debug\net8.0\fine-code-coverage\build-output\JobSearcher_QueriesTest.runtimeconfig.json" --depsfile "C:\Repos\Rewe_test\JobSearcher_QueriesTest\bin\Debug\net8.0\fine-code-coverage\build-output\JobSearcher_QueriesTest.deps.json" --port 58451 --endpoint 127.0.0.1:058451 --role client --parentprocessid 34868 --diag "C:\Repos\Rewe_test\JobSearcher_QueriesTest\bin\Debug\net8.0\fine-code-coverage\coverage-tool-output\diagnostics.host.24-05-26_20-48-03_87093_5.log" --tracelevel 4 --datacollectionport 58450 --telemetryoptedin false'
TpTrace Verbose: 0 : 34868, 5, 2024/05/26, 20:48:03.882, 7057051834014, vstest.console.dll, MulticastDelegateUtilities.SafeInvoke: HostProviderEvents.OnHostLaunched: Invoking callback 1/2 for Microsoft.VisualStudio.TestPlatform.CrossPlatEngine.Client.ProxyExecutionManagerWithDataCollection., took 1 ms.
TpTrace Verbose: 0 : 34868, 5, 2024/05/26, 20:48:03.883, 7057051837003, vstest.console.dll, Test Runtime launched
TpTrace Verbose: 0 : 34868, 5, 2024/05/26, 20:48:03.883, 7057051837634, vstest.console.dll, MulticastDelegateUtilities.SafeInvoke: HostProviderEvents.OnHostLaunched: Invoking callback 2/2 for Microsoft.VisualStudio.TestPlatform.CrossPlatEngine.Client.ProxyOperationManager., took 0 ms.
TpTrace Verbose: 0 : 34868, 5, 2024/05/26, 20:48:03.883, 7057051841476, vstest.console.dll, TestRequestSender.WaitForRequestHandlerConnection: waiting for connection with timeout: 90000.
TpTrace Verbose: 0 : 34868, 7, 2024/05/26, 20:48:04.040, 7057053414092, vstest.console.dll, MulticastDelegateUtilities.SafeInvoke: SocketServer: ClientConnected: Invoking callback 1/1 for Microsoft.VisualStudio.TestPlatform.CommunicationUtilities.TestRequestSender., took 0 ms.
TpTrace Verbose: 0 : 34868, 5, 2024/05/26, 20:48:04.040, 7057053414253, vstest.console.dll, TestRequestSender.WaitForRequestHandlerConnection: waiting took 157 ms, with timeout 90000 ms, and result 0, which is success.
TpTrace Verbose: 0 : 34868, 7, 2024/05/26, 20:48:04.041, 7057053415942, vstest.console.dll, SocketServer.OnClientConnected: Client connected for endPoint: 127.0.0.1:58451, starting MessageLoopAsync:
TpTrace Verbose: 0 : 34868, 13, 2024/05/26, 20:48:04.041, 7057053421742, vstest.console.dll, TcpClientExtensions.MessageLoopAsync: Polling on remoteEndPoint: 127.0.0.1:58452 localEndPoint: 127.0.0.1:58451 after 0 ms
TpTrace Verbose: 0 : 34868, 5, 2024/05/26, 20:48:04.041, 7057053424247, vstest.console.dll, TestRequestSender.CheckVersionWithTestHost: Sending check version message: {"MessageType":"ProtocolVersion","Payload":7}
TpTrace Verbose: 0 : 34868, 13, 2024/05/26, 20:48:04.105, 7057054059124, vstest.console.dll, TcpClientExtensions.MessageLoopAsync: NotifyDataAvailable remoteEndPoint: 127.0.0.1:58452 localEndPoint: 127.0.0.1:58451
TpTrace Verbose: 0 : 34868, 13, 2024/05/26, 20:48:04.105, 7057054061767, vstest.console.dll, TestRequestSender.CheckVersionWithTestHost: onMessageReceived received message: (ProtocolVersion) -> {"MessageType":"ProtocolVersion","Payload":7}
TpTrace Verbose: 0 : 34868, 13, 2024/05/26, 20:48:04.106, 7057054065731, vstest.console.dll, MulticastDelegateUtilities.SafeInvoke: LengthPrefixCommunicationChannel: MessageReceived: Invoking callback 1/1 for Microsoft.VisualStudio.TestPlatform.CommunicationUtilities.TestRequestSender+<>c__DisplayClass29_0., took 0 ms.
TpTrace Verbose: 0 : 34868, 13, 2024/05/26, 20:48:04.106, 7057054066662, vstest.console.dll, TcpClientExtensions.MessageLoopAsync: Polling on remoteEndPoint: 127.0.0.1:58452 localEndPoint: 127.0.0.1:58451 after 64 ms
TpTrace Verbose: 0 : 34868, 5, 2024/05/26, 20:48:04.106, 7057054067571, vstest.console.dll, TestPluginCache.GetExtensionPaths: Filtered extension paths: 
TpTrace Verbose: 0 : 34868, 5, 2024/05/26, 20:48:04.106, 7057054068197, vstest.console.dll, TestPluginCache.GetExtensionPaths: Added default extension paths: C:\Program Files\dotnet\sdk\8.0.202\Extensions\Microsoft.Diagnostics.NETCore.Client.dll
C:\Program Files\dotnet\sdk\8.0.202\Extensions\Microsoft.TestPlatform.Extensions.BlameDataCollector.dll
C:\Program Files\dotnet\sdk\8.0.202\Extensions\Microsoft.TestPlatform.Extensions.EventLogCollector.dll
C:\Program Files\dotnet\sdk\8.0.202\Extensions\Microsoft.TestPlatform.TestHostRuntimeProvider.dll
C:\Program Files\dotnet\sdk\8.0.202\Extensions\Microsoft.VisualStudio.TestPlatform.Extensions.Html.TestLogger.dll
C:\Program Files\dotnet\sdk\8.0.202\Extensions\Microsoft.VisualStudio.TestPlatform.Extensions.Trx.TestLogger.dll
TpTrace Verbose: 0 : 34868, 5, 2024/05/26, 20:48:04.106, 7057054073295, vstest.console.dll, TestPluginCache.GetExtensionPaths: Added unfilterableExtensionPaths: 
TpTrace Verbose: 0 : 34868, 13, 2024/05/26, 20:48:04.108, 7057054093802, vstest.console.dll, TcpClientExtensions.MessageLoopAsync: NotifyDataAvailable remoteEndPoint: 127.0.0.1:58452 localEndPoint: 127.0.0.1:58451
TpTrace Verbose: 0 : 34868, 5, 2024/05/26, 20:48:04.110, 7057054106214, vstest.console.dll, TestRequestSender.InitializeExecution: Sending initialize execution with message: {"Version":7,"MessageType":"TestExecution.Initialize","Payload":["C:\\Repos\\Rewe_test\\JobSearcher_QueriesTest\\bin\\Debug\\net8.0\\fine-code-coverage\\build-output\\xunit.runner.visualstudio.dotnetcore.testadapter.dll"]}
TpTrace Verbose: 0 : 34868, 5, 2024/05/26, 20:48:04.110, 7057054107749, vstest.console.dll, ParallelProxyExecutionManager.StartTestRunOnConcurrentManager: Execution starting. Started clients: 1
TpTrace Verbose: 0 : 34868, 5, 2024/05/26, 20:48:04.110, 7057054109872, vstest.console.dll, TestRunRequest:SendTestRunMessage: Starting.
TpTrace Verbose: 0 : 34868, 5, 2024/05/26, 20:48:04.110, 7057054111322, vstest.console.dll, MulticastDelegateUtilities.SafeInvoke: TestRun.LogMessages: Invoking callback 1/1 for Microsoft.VisualStudio.TestPlatform.CommandLine.TestRunResultAggregator., took 0 ms.
TpTrace Information: 0 : 34868, 5, 2024/05/26, 20:48:04.110, 7057054111812, vstest.console.dll, TestRunRequest:SendTestRunMessage: Completed.
TpTrace Verbose: 0 : 34868, 4, 2024/05/26, 20:48:04.110, 7057054113346, vstest.console.dll, MulticastDelegateUtilities.SafeInvoke: InternalTestLoggerEvents.SendTestRunMessage: Invoking callback 1/1 for Microsoft.VisualStudio.TestPlatform.CommandLine.Internal.ConsoleLogger., took 0 ms.
TpTrace Warning: 0 : 34868, 5, 2024/05/26, 20:48:04.110, 7057054115276, vstest.console.dll, InferRunSettingsHelper.MakeRunsettingsCompatible: Removing the following settings: TargetPlatform from RunSettings file. To use those settings please move to latest version of Microsoft.NET.Test.Sdk
TpTrace Verbose: 0 : 34868, 13, 2024/05/26, 20:48:04.111, 7057054119926, vstest.console.dll, TestRequestSender.OnExecutionMessageReceived: Received message: {"Version":7,"MessageType":"TestSession.Message","Payload":{"MessageLevel":0,"Message":"Logging TestHost Diagnostics in file: C:\\Repos\\Rewe_test\\JobSearcher_QueriesTest\\bin\\Debug\\net8.0\\fine-code-coverage\\coverage-tool-output\\diagnostics.host.24-05-26_20-48-03_87093_5.log"}}
TpTrace Verbose: 0 : 34868, 13, 2024/05/26, 20:48:04.112, 7057054135648, vstest.console.dll, TestRunRequest:SendTestRunMessage: Starting.
TpTrace Verbose: 0 : 34868, 13, 2024/05/26, 20:48:04.113, 7057054136727, vstest.console.dll, MulticastDelegateUtilities.SafeInvoke: TestRun.LogMessages: Invoking callback 1/1 for Microsoft.VisualStudio.TestPlatform.CommandLine.TestRunResultAggregator., took 0 ms.
TpTrace Verbose: 0 : 34868, 4, 2024/05/26, 20:48:04.113, 7057054136959, vstest.console.dll, MulticastDelegateUtilities.SafeInvoke: InternalTestLoggerEvents.SendTestRunMessage: Invoking callback 1/1 for Microsoft.VisualStudio.TestPlatform.CommandLine.Internal.ConsoleLogger., took 0 ms.
TpTrace Information: 0 : 34868, 13, 2024/05/26, 20:48:04.113, 7057054137102, vstest.console.dll, TestRunRequest:SendTestRunMessage: Completed.
TpTrace Verbose: 0 : 34868, 13, 2024/05/26, 20:48:04.113, 7057054138412, vstest.console.dll, MulticastDelegateUtilities.SafeInvoke: LengthPrefixCommunicationChannel: MessageReceived: Invoking callback 1/1 for Microsoft.VisualStudio.TestPlatform.CommunicationUtilities.TestRequestSender+<>c__DisplayClass34_0., took 1 ms.
TpTrace Verbose: 0 : 34868, 13, 2024/05/26, 20:48:04.113, 7057054138725, vstest.console.dll, TcpClientExtensions.MessageLoopAsync: Polling on remoteEndPoint: 127.0.0.1:58452 localEndPoint: 127.0.0.1:58451 after 7 ms
TpTrace Verbose: 0 : 34868, 5, 2024/05/26, 20:48:04.115, 7057054158961, vstest.console.dll, TestRequestSender.StartTestRun: Sending test run with message: {"Version":7,"MessageType":"TestExecution.StartWithSources","Payload":{"AdapterSourceMap":{"_none_":["C:\\Repos\\Rewe_test\\JobSearcher_QueriesTest\\bin\\Debug\\net8.0\\fine-code-coverage\\build-output\\JobSearcher_QueriesTest.dll"]},"RunSettings":"<RunSettings>\r\n  <RunConfiguration>\r\n    <ResultsDirectory>C:\\Repos\\Rewe_test\\JobSearcher_QueriesTest\\bin\\Debug\\net8.0\\fine-code-coverage\\coverage-tool-output</ResultsDirectory>\r\n    <TargetFrameworkVersion>.NETCoreApp,Version=v8.0</TargetFrameworkVersion>\r\n    <DesignMode>False</DesignMode>\r\n    <CollectSourceInformation>False</CollectSourceInformation>\r\n  </RunConfiguration>\r\n  <LoggerRunSettings>\r\n    <Loggers>\r\n      <Logger friendlyName=\"blame\" enabled=\"True\" />\r\n      <Logger friendlyName=\"Console\" uri=\"logger://microsoft/TestPlatform/ConsoleLogger/v1\" assemblyQualifiedName=\"Microsoft.VisualStudio.TestPlatform.CommandLine.Internal.ConsoleLogger, vstest.console, Version=15.0.0.0, Culture=neutral, PublicKeyToken=b03f5f7f11d50a3a\" codeBase=\"C:\\Program Files\\dotnet\\sdk\\8.0.202\\vstest.console.dll\" enabled=\"True\" />\r\n    </Loggers>\r\n  </LoggerRunSettings>\r\n  <DataCollectionRunSettings>\r\n    <DataCollectors>\r\n      <DataCollector friendlyName=\"blame\" enabled=\"True\">\r\n        <Configuration>\r\n          <ResultsDirectory>C:\\Repos\\Rewe_test\\JobSearcher_QueriesTest\\bin\\Debug\\net8.0\\fine-code-coverage\\coverage-tool-output</ResultsDirectory>\r\n        </Configuration>\r\n      </DataCollector>\r\n    </DataCollectors>\r\n  </DataCollectionRunSettings>\r\n</RunSettings>","TestExecutionContext":{"FrequencyOfRunStatsChangeEvent":10,"RunStatsChangeEventTimeout":"00:00:01.5000000","InIsolation":false,"KeepAlive":false,"AreTestCaseLevelEventsRequired":false,"IsDebug":false,"TestCaseFilter":null,"FilterOptions":null},"Package":null}}
TpTrace Verbose: 0 : 34868, 5, 2024/05/26, 20:48:04.115, 7057054160677, vstest.console.dll, ParallelProxyExecutionManager.StartTestRunOnConcurrentManager: Execution started. Started clients: 1
TpTrace Verbose: 0 : 34868, 13, 2024/05/26, 20:48:04.220, 7057055206430, vstest.console.dll, TcpClientExtensions.MessageLoopAsync: NotifyDataAvailable remoteEndPoint: 127.0.0.1:58452 localEndPoint: 127.0.0.1:58451
TpTrace Verbose: 0 : 34868, 13, 2024/05/26, 20:48:04.220, 7057055208352, vstest.console.dll, TestRequestSender.OnExecutionMessageReceived: Received message: {"Version":7,"MessageType":"TestSession.Message","Payload":{"MessageLevel":0,"Message":"[xUnit.net 00:00:00.00] xUnit.net VSTest Adapter v2.5.3.1+6b60a9e56a (64-bit .NET 8.0.3)"}}
TpTrace Verbose: 0 : 34868, 13, 2024/05/26, 20:48:04.220, 7057055212866, vstest.console.dll, TestRunRequest:SendTestRunMessage: Starting.
TpTrace Verbose: 0 : 34868, 13, 2024/05/26, 20:48:04.220, 7057055213596, vstest.console.dll, MulticastDelegateUtilities.SafeInvoke: TestRun.LogMessages: Invoking callback 1/1 for Microsoft.VisualStudio.TestPlatform.CommandLine.TestRunResultAggregator., took 0 ms.
TpTrace Information: 0 : 34868, 13, 2024/05/26, 20:48:04.220, 7057055213877, vstest.console.dll, TestRunRequest:SendTestRunMessage: Completed.
TpTrace Verbose: 0 : 34868, 4, 2024/05/26, 20:48:04.220, 7057055213820, vstest.console.dll, MulticastDelegateUtilities.SafeInvoke: InternalTestLoggerEvents.SendTestRunMessage: Invoking callback 1/1 for Microsoft.VisualStudio.TestPlatform.CommandLine.Internal.ConsoleLogger., took 0 ms.
TpTrace Verbose: 0 : 34868, 13, 2024/05/26, 20:48:04.220, 7057055214229, vstest.console.dll, MulticastDelegateUtilities.SafeInvoke: LengthPrefixCommunicationChannel: MessageReceived: Invoking callback 1/1 for Microsoft.VisualStudio.TestPlatform.CommunicationUtilities.TestRequestSender+<>c__DisplayClass34_0., took 0 ms.
TpTrace Verbose: 0 : 34868, 13, 2024/05/26, 20:48:04.220, 7057055215540, vstest.console.dll, TcpClientExtensions.MessageLoopAsync: Polling on remoteEndPoint: 127.0.0.1:58452 localEndPoint: 127.0.0.1:58451 after 107 ms
TpTrace Verbose: 0 : 34868, 13, 2024/05/26, 20:48:04.428, 7057057294677, vstest.console.dll, TcpClientExtensions.MessageLoopAsync: NotifyDataAvailable remoteEndPoint: 127.0.0.1:58452 localEndPoint: 127.0.0.1:58451
TpTrace Verbose: 0 : 34868, 13, 2024/05/26, 20:48:04.429, 7057057296868, vstest.console.dll, TestRequestSender.OnExecutionMessageReceived: Received message: {"Version":7,"MessageType":"TestSession.Message","Payload":{"MessageLevel":0,"Message":"[xUnit.net 00:00:00.21]   Discovering: JobSearcher_QueriesTest"}}
TpTrace Verbose: 0 : 34868, 13, 2024/05/26, 20:48:04.429, 7057057298426, vstest.console.dll, TestRunRequest:SendTestRunMessage: Starting.
TpTrace Verbose: 0 : 34868, 13, 2024/05/26, 20:48:04.429, 7057057299086, vstest.console.dll, MulticastDelegateUtilities.SafeInvoke: TestRun.LogMessages: Invoking callback 1/1 for Microsoft.VisualStudio.TestPlatform.CommandLine.TestRunResultAggregator., took 0 ms.
TpTrace Information: 0 : 34868, 13, 2024/05/26, 20:48:04.429, 7057057299442, vstest.console.dll, TestRunRequest:SendTestRunMessage: Completed.
TpTrace Verbose: 0 : 34868, 4, 2024/05/26, 20:48:04.429, 7057057299694, vstest.console.dll, MulticastDelegateUtilities.SafeInvoke: InternalTestLoggerEvents.SendTestRunMessage: Invoking callback 1/1 for Microsoft.VisualStudio.TestPlatform.CommandLine.Internal.ConsoleLogger., took 0 ms.
TpTrace Verbose: 0 : 34868, 13, 2024/05/26, 20:48:04.429, 7057057301892, vstest.console.dll, MulticastDelegateUtilities.SafeInvoke: LengthPrefixCommunicationChannel: MessageReceived: Invoking callback 1/1 for Microsoft.VisualStudio.TestPlatform.CommunicationUtilities.TestRequestSender+<>c__DisplayClass34_0., took 0 ms.
TpTrace Verbose: 0 : 34868, 13, 2024/05/26, 20:48:04.429, 7057057302701, vstest.console.dll, TcpClientExtensions.MessageLoopAsync: Polling on remoteEndPoint: 127.0.0.1:58452 localEndPoint: 127.0.0.1:58451 after 208 ms
TpTrace Verbose: 0 : 34868, 13, 2024/05/26, 20:48:04.471, 7057057716597, vstest.console.dll, TcpClientExtensions.MessageLoopAsync: NotifyDataAvailable remoteEndPoint: 127.0.0.1:58452 localEndPoint: 127.0.0.1:58451
TpTrace Verbose: 0 : 34868, 13, 2024/05/26, 20:48:04.471, 7057057719443, vstest.console.dll, TestRequestSender.OnExecutionMessageReceived: Received message: {"Version":7,"MessageType":"TestSession.Message","Payload":{"MessageLevel":0,"Message":"[xUnit.net 00:00:00.25]   Discovered:  JobSearcher_QueriesTest"}}
TpTrace Verbose: 0 : 34868, 13, 2024/05/26, 20:48:04.471, 7057057721050, vstest.console.dll, TestRunRequest:SendTestRunMessage: Starting.
TpTrace Verbose: 0 : 34868, 13, 2024/05/26, 20:48:04.471, 7057057721815, vstest.console.dll, MulticastDelegateUtilities.SafeInvoke: TestRun.LogMessages: Invoking callback 1/1 for Microsoft.VisualStudio.TestPlatform.CommandLine.TestRunResultAggregator., took 0 ms.
TpTrace Information: 0 : 34868, 13, 2024/05/26, 20:48:04.471, 7057057722186, vstest.console.dll, TestRunRequest:SendTestRunMessage: Completed.
TpTrace Verbose: 0 : 34868, 13, 2024/05/26, 20:48:04.471, 7057057722887, vstest.console.dll, MulticastDelegateUtilities.SafeInvoke: LengthPrefixCommunicationChannel: MessageReceived: Invoking callback 1/1 for Microsoft.VisualStudio.TestPlatform.CommunicationUtilities.TestRequestSender+<>c__DisplayClass34_0., took 0 ms.
TpTrace Verbose: 0 : 34868, 4, 2024/05/26, 20:48:04.471, 7057057722508, vstest.console.dll, MulticastDelegateUtilities.SafeInvoke: InternalTestLoggerEvents.SendTestRunMessage: Invoking callback 1/1 for Microsoft.VisualStudio.TestPlatform.CommandLine.Internal.ConsoleLogger., took 0 ms.
TpTrace Verbose: 0 : 34868, 13, 2024/05/26, 20:48:04.471, 7057057724598, vstest.console.dll, TcpClientExtensions.MessageLoopAsync: Polling on remoteEndPoint: 127.0.0.1:58452 localEndPoint: 127.0.0.1:58451 after 42 ms
TpTrace Verbose: 0 : 34868, 13, 2024/05/26, 20:48:04.473, 7057057738665, vstest.console.dll, TcpClientExtensions.MessageLoopAsync: NotifyDataAvailable remoteEndPoint: 127.0.0.1:58452 localEndPoint: 127.0.0.1:58451
TpTrace Verbose: 0 : 34868, 13, 2024/05/26, 20:48:04.473, 7057057739896, vstest.console.dll, TestRequestSender.OnExecutionMessageReceived: Received message: {"Version":7,"MessageType":"TestSession.Message","Payload":{"MessageLevel":0,"Message":"[xUnit.net 00:00:00.25]   Starting:    JobSearcher_QueriesTest"}}
TpTrace Verbose: 0 : 34868, 13, 2024/05/26, 20:48:04.473, 7057057741040, vstest.console.dll, TestRunRequest:SendTestRunMessage: Starting.
TpTrace Verbose: 0 : 34868, 13, 2024/05/26, 20:48:04.473, 7057057741792, vstest.console.dll, MulticastDelegateUtilities.SafeInvoke: TestRun.LogMessages: Invoking callback 1/1 for Microsoft.VisualStudio.TestPlatform.CommandLine.TestRunResultAggregator., took 0 ms.
TpTrace Verbose: 0 : 34868, 4, 2024/05/26, 20:48:04.473, 7057057742044, vstest.console.dll, MulticastDelegateUtilities.SafeInvoke: InternalTestLoggerEvents.SendTestRunMessage: Invoking callback 1/1 for Microsoft.VisualStudio.TestPlatform.CommandLine.Internal.ConsoleLogger., took 0 ms.
TpTrace Information: 0 : 34868, 13, 2024/05/26, 20:48:04.473, 7057057742208, vstest.console.dll, TestRunRequest:SendTestRunMessage: Completed.
TpTrace Verbose: 0 : 34868, 13, 2024/05/26, 20:48:04.473, 7057057744129, vstest.console.dll, MulticastDelegateUtilities.SafeInvoke: LengthPrefixCommunicationChannel: MessageReceived: Invoking callback 1/1 for Microsoft.VisualStudio.TestPlatform.CommunicationUtilities.TestRequestSender+<>c__DisplayClass34_0., took 0 ms.
TpTrace Verbose: 0 : 34868, 13, 2024/05/26, 20:48:04.473, 7057057744804, vstest.console.dll, TcpClientExtensions.MessageLoopAsync: Polling on remoteEndPoint: 127.0.0.1:58452 localEndPoint: 127.0.0.1:58451 after 1 ms
TpTrace Verbose: 0 : 34868, 13, 2024/05/26, 20:48:04.788, 7057060887013, vstest.console.dll, TcpClientExtensions.MessageLoopAsync: NotifyDataAvailable remoteEndPoint: 127.0.0.1:58452 localEndPoint: 127.0.0.1:58451
TpTrace Verbose: 0 : 34868, 13, 2024/05/26, 20:48:04.788, 7057060892455, vstest.console.dll, TestRequestSender.OnExecutionMessageReceived: Received message: {"Version":7,"MessageType":"TestExecution.StatsChange","Payload":{"NewTestResults":[{"TestCase":{"Id":"614ed0c8-207c-995a-3c3f-3ead1d05c964","FullyQualifiedName":"JobSearcher_QueriesTest.CredentialsLogicTests.showJobWithDetailedDescriptionResponse_ShouldWriteDocumentsResponseDetailsToConsole","DisplayName":"JobSearcher_QueriesTest.CredentialsLogicTests.showJobWithDetailedDescriptionResponse_ShouldWriteDocumentsResponseDetailsToConsole","ExecutorUri":"executor://xunit/VsTestRunner2/netcoreapp","Source":"C:\\Repos\\Rewe_test\\JobSearcher_QueriesTest\\bin\\Debug\\net8.0\\fine-code-coverage\\build-output\\JobSearcher_QueriesTest.dll","CodeFilePath":null,"LineNumber":0,"Properties":[]},"Attachments":[],"Outcome":1,"ErrorMessage":null,"ErrorStackTrace":null,"DisplayName":"JobSearcher_QueriesTest.CredentialsLogicTests.showJobWithDetailedDescriptionResponse_ShouldWriteDocumentsResponseDetailsToConsole","Messages":[],"ComputerName":"TUF1","Duration":"00:00:00.1739619","StartTime":"2024-05-26T18:48:04.6827237+00:00","EndTime":"2024-05-26T18:48:04.6827374+00:00","Properties":[]},{"TestCase":{"Id":"7506aec0-a42a-b52c-7cac-e3e5e0c3bf31","FullyQualifiedName":"JobSearcher_QueriesTest.CredentialsLogicTests.ShowSubmitResponse_ShouldWriteDocumentDetailsToConsole","DisplayName":"JobSearcher_QueriesTest.CredentialsLogicTests.ShowSubmitResponse_ShouldWriteDocumentDetailsToConsole","ExecutorUri":"executor://xunit/VsTestRunner2/netcoreapp","Source":"C:\\Repos\\Rewe_test\\JobSearcher_QueriesTest\\bin\\Debug\\net8.0\\fine-code-coverage\\build-output\\JobSearcher_QueriesTest.dll","CodeFilePath":null,"LineNumber":0,"Properties":[]},"Attachments":[],"Outcome":1,"ErrorMessage":null,"ErrorStackTrace":null,"DisplayName":"JobSearcher_QueriesTest.CredentialsLogicTests.ShowSubmitResponse_ShouldWriteDocumentDetailsToConsole","Messages":[],"ComputerName":"TUF1","Duration":"00:00:00.0023922","StartTime":"2024-05-26T18:48:04.7000494+00:00","EndTime":"2024-05-26T18:48:04.7000496+00:00","Properties":[]},{"TestCase":{"Id":"3dba462c-1c3a-fd60-da45-eb84028a7658","FullyQualifiedName":"JobSearcher_QueriesTest.CredentialsLogicTests.ShowJobDescriptionResponse_ShouldWriteDocumentsResponseDetailsToConsole","DisplayName":"JobSearcher_QueriesTest.CredentialsLogicTests.ShowJobDescriptionResponse_ShouldWriteDocumentsResponseDetailsToConsole","ExecutorUri":"executor://xunit/VsTestRunner2/netcoreapp","Source":"C:\\Repos\\Rewe_test\\JobSearcher_QueriesTest\\bin\\Debug\\net8.0\\fine-code-coverage\\build-output\\JobSearcher_QueriesTest.dll","CodeFilePath":null,"LineNumber":0,"Properties":[]},"Attachments":[],"Outcome":1,"ErrorMessage":null,"ErrorStackTrace":null,"DisplayName":"JobSearcher_QueriesTest.CredentialsLogicTests.ShowJobDescriptionResponse_ShouldWriteDocumentsResponseDetailsToConsole","Messages":[],"ComputerName":"TUF1","Duration":"00:00:00.0001699","StartTime":"2024-05-26T18:48:04.7033987+00:00","EndTime":"2024-05-26T18:48:04.7033989+00:00","Properties":[]},{"TestCase":{"Id":"5b3c91c2-7db6-0983-4a33-77dd2e7ce6b6","FullyQualifiedName":"JobSearcher_QueriesTest.CredentialsLogicTests.ShowJobs_ShouldWriteJobDetailsToConsole","DisplayName":"JobSearcher_QueriesTest.CredentialsLogicTests.ShowJobs_ShouldWriteJobDetailsToConsole","ExecutorUri":"executor://xunit/VsTestRunner2/netcoreapp","Source":"C:\\Repos\\Rewe_test\\JobSearcher_QueriesTest\\bin\\Debug\\net8.0\\fine-code-coverage\\build-output\\JobSearcher_QueriesTest.dll","CodeFilePath":null,"LineNumber":0,"Properties":[]},"Attachments":[],"Outcome":1,"ErrorMessage":null,"ErrorStackTrace":null,"DisplayName":"JobSearcher_QueriesTest.CredentialsLogicTests.ShowJobs_ShouldWriteJobDetailsToConsole","Messages":[],"ComputerName":"TUF1","Duration":"00:00:00.0010845","StartTime":"2024-05-26T18:48:04.7055028+00:00","EndTime":"2024-05-26T18:48:04.7055029+00:00","Properties":[]},{"TestCase":{"Id":"3e3ac597-838a-9b19-0b34-ba24154ae81d","FullyQualifiedName":"JobSearcher_QueriesTest.CredentialsLogicTests.ShowDocumentsResponse_ShouldWriteDocumentsResponseDetailsToConsole","DisplayName":"JobSearcher_QueriesTest.CredentialsLogicTests.ShowDocumentsResponse_ShouldWriteDocumentsResponseDetailsToConsole","ExecutorUri":"executor://xunit/VsTestRunner2/netcoreapp","Source":"C:\\Repos\\Rewe_test\\JobSearcher_QueriesTest\\bin\\Debug\\net8.0\\fine-code-coverage\\build-output\\JobSearcher_QueriesTest.dll","CodeFilePath":null,"LineNumber":0,"Properties":[]},"Attachments":[],"Outcome":1,"ErrorMessage":null,"ErrorStackTrace":null,"DisplayName":"JobSearcher_QueriesTest.CredentialsLogicTests.ShowDocumentsResponse_ShouldWriteDocumentsResponseDetailsToConsole","Messages":[],"ComputerName":"TUF1","Duration":"00:00:00.0006565","StartTime":"2024-05-26T18:48:04.7074607+00:00","EndTime":"2024-05-26T18:48:04.7074608+00:00","Properties":[]},{"TestCase":{"Id":"a34f687c-d1c4-236c-47d8-d10f7e918394","FullyQualifiedName":"JobSearcher_QueriesTest.ApiServiceTests.SendAsync_ShouldThrowException_OnHttpRequestUnauthorizedException","DisplayName":"JobSearcher_QueriesTest.ApiServiceTests.SendAsync_ShouldThrowException_OnHttpRequestUnauthorizedException","ExecutorUri":"executor://xunit/VsTestRunner2/netcoreapp","Source":"C:\\Repos\\Rewe_test\\JobSearcher_QueriesTest\\bin\\Debug\\net8.0\\fine-code-coverage\\build-output\\JobSearcher_QueriesTest.dll","CodeFilePath":null,"LineNumber":0,"Properties":[]},"Attachments":[],"Outcome":1,"ErrorMessage":null,"ErrorStackTrace":null,"DisplayName":"JobSearcher_QueriesTest.ApiServiceTests.SendAsync_ShouldThrowException_OnHttpRequestUnauthorizedException","Messages":[],"ComputerName":"TUF1","Duration":"00:00:00.2519062","StartTime":"2024-05-26T18:48:04.7559763+00:00","EndTime":"2024-05-26T18:48:04.7559764+00:00","Properties":[]},{"TestCase":{"Id":"80ff6825-b4e0-82c9-7621-d62a0e9de511","FullyQualifiedName":"JobSearcher_QueriesTest.ApiServiceTests.SendAsync_ShouldThrowException_OnHttpRequestException","DisplayName":"JobSearcher_QueriesTest.ApiServiceTests.SendAsync_ShouldThrowException_OnHttpRequestException(error: \"Unauthorized\")","ExecutorUri":"executor://xunit/VsTestRunner2/netcoreapp","Source":"C:\\Repos\\Rewe_test\\JobSearcher_QueriesTest\\bin\\Debug\\net8.0\\fine-code-coverage\\build-output\\JobSearcher_QueriesTest.dll","CodeFilePath":null,"LineNumber":0,"Properties":[]},"Attachments":[],"Outcome":1,"ErrorMessage":null,"ErrorStackTrace":null,"DisplayName":"JobSearcher_QueriesTest.ApiServiceTests.SendAsync_ShouldThrowException_OnHttpRequestException(error: \"Unauthorized\")","Messages":[],"ComputerName":"TUF1","Duration":"00:00:00.0019654","StartTime":"2024-05-26T18:48:04.7589795+00:00","EndTime":"2024-05-26T18:48:04.7589798+00:00","Properties":[]},{"TestCase":{"Id":"7c7bd39f-14cc-71a4-6daa-5007da6d579f","FullyQualifiedName":"JobSearcher_QueriesTest.ApiServiceTests.SendAsync_ShouldThrowException_OnHttpRequestException","DisplayName":"JobSearcher_QueriesTest.ApiServiceTests.SendAsync_ShouldThrowException_OnHttpRequestException(error: \"Internal Server Error\")","ExecutorUri":"executor://xunit/VsTestRunner2/netcoreapp","Source":"C:\\Repos\\Rewe_test\\JobSearcher_QueriesTest\\bin\\Debug\\net8.0\\fine-code-coverage\\build-output\\JobSearcher_QueriesTest.dll","CodeFilePath":null,"LineNumber":0,"Properties":[]},"Attachments":[],"Outcome":1,"ErrorMessage":null,"ErrorStackTrace":null,"DisplayName":"JobSearcher_QueriesTest.ApiServiceTests.SendAsync_ShouldThrowException_OnHttpRequestException(error: \"Internal Server Error\")","Messages":[],"ComputerName":"TUF1","Duration":"00:00:00.0005112","StartTime":"2024-05-26T18:48:04.761647+00:00","EndTime":"2024-05-26T18:48:04.7616474+00:00","Properties":[]},{"TestCase":{"Id":"55d75fae-e25e-1ca4-56b5-68c146de511f","FullyQualifiedName":"JobSearcher_QueriesTest.ApiServiceTests.SendAsync_ShouldThrowException_OnHttpRequestException","DisplayName":"JobSearcher_QueriesTest.ApiServiceTests.SendAsync_ShouldThrowException_OnHttpRequestException(error: \"Conflict\")","ExecutorUri":"executor://xunit/VsTestRunner2/netcoreapp","Source":"C:\\Repos\\Rewe_test\\JobSearcher_QueriesTest\\bin\\Debug\\net8.0\\fine-code-coverage\\build-output\\JobSearcher_QueriesTest.dll","CodeFilePath":null,"LineNumber":0,"Properties":[]},"Attachments":[],"Outcome":1,"ErrorMessage":null,"ErrorStackTrace":null,"DisplayName":"JobSearcher_QueriesTest.ApiServiceTests.SendAsync_ShouldThrowException_OnHttpRequestException(error: \"Conflict\")","Messages":[],"ComputerName":"TUF1","Duration":"00:00:00.0003074","StartTime":"2024-05-26T18:48:04.7641995+00:00","EndTime":"2024-05-26T18:48:04.7641995+00:00","Properties":[]}],"TestRunStatistics":{"ExecutedTests":9,"Stats":{"Passed":9}},"ActiveTests":[{"Id":"35f7799a-793a-3533-4b9f-6125cb0945b5","FullyQualifiedName":"JobSearcher_QueriesTest.ApiServiceTests.SendAsync_ShouldThrowException_OnHttpRequestException","DisplayName":"JobSearcher_QueriesTest.ApiServiceTests.SendAsync_ShouldThrowException_OnHttpRequestException(error: \"Bad Request\")","ExecutorUri":"executor://xunit/VsTestRunner2/netcoreapp","Source":"C:\\Repos\\Rewe_test\\JobSearcher_QueriesTest\\bin\\Debug\\net8.0\\fine-code-coverage\\build-output\\JobSearcher_QueriesTest.dll","CodeFilePath":null,"LineNumber":0,"Properties":[]}]}}
TpTrace Verbose: 0 : 34868, 13, 2024/05/26, 20:48:04.807, 7057061076272, vstest.console.dll, TestRunRequest:SendTestRunStatsChange: Starting.
TpTrace Verbose: 0 : 34868, 13, 2024/05/26, 20:48:04.807, 7057061078116, vstest.console.dll, InProgress is JobSearcher_QueriesTest.ApiServiceTests.SendAsync_ShouldThrowException_OnHttpRequestException(error: "Bad Request")
TpTrace Verbose: 0 : 34868, 13, 2024/05/26, 20:48:04.807, 7057061081009, vstest.console.dll, MulticastDelegateUtilities.SafeInvoke: TestRun.RunStatsChanged: Invoking callbacks was skipped because there are no subscribers.
TpTrace Information: 0 : 34868, 13, 2024/05/26, 20:48:04.807, 7057061082072, vstest.console.dll, TestRunRequest:SendTestRunStatsChange: Completed.
TpTrace Verbose: 0 : 34868, 13, 2024/05/26, 20:48:04.807, 7057061082784, vstest.console.dll, MulticastDelegateUtilities.SafeInvoke: LengthPrefixCommunicationChannel: MessageReceived: Invoking callback 1/1 for Microsoft.VisualStudio.TestPlatform.CommunicationUtilities.TestRequestSender+<>c__DisplayClass34_0., took 19 ms.
TpTrace Verbose: 0 : 34868, 13, 2024/05/26, 20:48:04.807, 7057061083301, vstest.console.dll, TcpClientExtensions.MessageLoopAsync: Polling on remoteEndPoint: 127.0.0.1:58452 localEndPoint: 127.0.0.1:58451 after 333 ms
TpTrace Verbose: 0 : 34868, 4, 2024/05/26, 20:48:04.809, 7057061105496, vstest.console.dll, MulticastDelegateUtilities.SafeInvoke: InternalTestLoggerEvents.SendTestResult: Invoking callback 1/1 for Microsoft.VisualStudio.TestPlatform.CommandLine.Internal.ConsoleLogger., took 2 ms.
TpTrace Verbose: 0 : 34868, 4, 2024/05/26, 20:48:04.810, 7057061108398, vstest.console.dll, MulticastDelegateUtilities.SafeInvoke: InternalTestLoggerEvents.SendTestResult: Invoking callback 1/1 for Microsoft.VisualStudio.TestPlatform.CommandLine.Internal.ConsoleLogger., took 0 ms.
TpTrace Verbose: 0 : 34868, 4, 2024/05/26, 20:48:04.810, 7057061109247, vstest.console.dll, MulticastDelegateUtilities.SafeInvoke: InternalTestLoggerEvents.SendTestResult: Invoking callback 1/1 for Microsoft.VisualStudio.TestPlatform.CommandLine.Internal.ConsoleLogger., took 0 ms.
TpTrace Verbose: 0 : 34868, 4, 2024/05/26, 20:48:04.810, 7057061109722, vstest.console.dll, MulticastDelegateUtilities.SafeInvoke: InternalTestLoggerEvents.SendTestResult: Invoking callback 1/1 for Microsoft.VisualStudio.TestPlatform.CommandLine.Internal.ConsoleLogger., took 0 ms.
TpTrace Verbose: 0 : 34868, 4, 2024/05/26, 20:48:04.810, 7057061110267, vstest.console.dll, MulticastDelegateUtilities.SafeInvoke: InternalTestLoggerEvents.SendTestResult: Invoking callback 1/1 for Microsoft.VisualStudio.TestPlatform.CommandLine.Internal.ConsoleLogger., took 0 ms.
TpTrace Verbose: 0 : 34868, 4, 2024/05/26, 20:48:04.810, 7057061110778, vstest.console.dll, MulticastDelegateUtilities.SafeInvoke: InternalTestLoggerEvents.SendTestResult: Invoking callback 1/1 for Microsoft.VisualStudio.TestPlatform.CommandLine.Internal.ConsoleLogger., took 0 ms.
TpTrace Verbose: 0 : 34868, 4, 2024/05/26, 20:48:04.810, 7057061111245, vstest.console.dll, MulticastDelegateUtilities.SafeInvoke: InternalTestLoggerEvents.SendTestResult: Invoking callback 1/1 for Microsoft.VisualStudio.TestPlatform.CommandLine.Internal.ConsoleLogger., took 0 ms.
TpTrace Verbose: 0 : 34868, 4, 2024/05/26, 20:48:04.810, 7057061111783, vstest.console.dll, MulticastDelegateUtilities.SafeInvoke: InternalTestLoggerEvents.SendTestResult: Invoking callback 1/1 for Microsoft.VisualStudio.TestPlatform.CommandLine.Internal.ConsoleLogger., took 0 ms.
TpTrace Verbose: 0 : 34868, 4, 2024/05/26, 20:48:04.810, 7057061112208, vstest.console.dll, MulticastDelegateUtilities.SafeInvoke: InternalTestLoggerEvents.SendTestResult: Invoking callback 1/1 for Microsoft.VisualStudio.TestPlatform.CommandLine.Internal.ConsoleLogger., took 0 ms.
TpTrace Verbose: 0 : 34868, 13, 2024/05/26, 20:48:05.820, 7057071215180, vstest.console.dll, TcpClientExtensions.MessageLoopAsync: Polling on remoteEndPoint: 127.0.0.1:58452 localEndPoint: 127.0.0.1:58451 after 1013 ms
TpTrace Verbose: 0 : 34868, 13, 2024/05/26, 20:48:06.305, 7057076065538, vstest.console.dll, TcpClientExtensions.MessageLoopAsync: NotifyDataAvailable remoteEndPoint: 127.0.0.1:58452 localEndPoint: 127.0.0.1:58451
TpTrace Verbose: 0 : 34868, 13, 2024/05/26, 20:48:06.306, 7057076068374, vstest.console.dll, TestRequestSender.OnExecutionMessageReceived: Received message: {"Version":7,"MessageType":"TestSession.Message","Payload":{"MessageLevel":2,"Message":"[xUnit.net 00:00:02.08]     JobSearcher_QueriesTest.ApiServiceTests.GetToken_ShouldReturnToken [FAIL]"}}
TpTrace Verbose: 0 : 34868, 13, 2024/05/26, 20:48:06.306, 7057076070848, vstest.console.dll, TestRunRequest:SendTestRunMessage: Starting.
TpTrace Verbose: 0 : 34868, 13, 2024/05/26, 20:48:06.306, 7057076071504, vstest.console.dll, MulticastDelegateUtilities.SafeInvoke: TestRun.LogMessages: Invoking callback 1/1 for Microsoft.VisualStudio.TestPlatform.CommandLine.TestRunResultAggregator., took 0 ms.
TpTrace Information: 0 : 34868, 13, 2024/05/26, 20:48:06.306, 7057076071967, vstest.console.dll, TestRunRequest:SendTestRunMessage: Completed.
TpTrace Verbose: 0 : 34868, 13, 2024/05/26, 20:48:06.306, 7057076072286, vstest.console.dll, MulticastDelegateUtilities.SafeInvoke: LengthPrefixCommunicationChannel: MessageReceived: Invoking callback 1/1 for Microsoft.VisualStudio.TestPlatform.CommunicationUtilities.TestRequestSender+<>c__DisplayClass34_0., took 0 ms.
TpTrace Verbose: 0 : 34868, 13, 2024/05/26, 20:48:06.306, 7057076072784, vstest.console.dll, TcpClientExtensions.MessageLoopAsync: Polling on remoteEndPoint: 127.0.0.1:58452 localEndPoint: 127.0.0.1:58451 after 485 ms
TpTrace Verbose: 0 : 34868, 13, 2024/05/26, 20:48:06.306, 7057076073240, vstest.console.dll, TcpClientExtensions.MessageLoopAsync: NotifyDataAvailable remoteEndPoint: 127.0.0.1:58452 localEndPoint: 127.0.0.1:58451
TpTrace Verbose: 0 : 34868, 4, 2024/05/26, 20:48:06.306, 7057076073521, vstest.console.dll, MulticastDelegateUtilities.SafeInvoke: InternalTestLoggerEvents.SendTestRunMessage: Invoking callback 1/1 for Microsoft.VisualStudio.TestPlatform.CommandLine.Internal.ConsoleLogger., took 0 ms.
TpTrace Verbose: 0 : 34868, 13, 2024/05/26, 20:48:06.306, 7057076074632, vstest.console.dll, TestRequestSender.OnExecutionMessageReceived: Received message: {"Version":7,"MessageType":"TestExecution.StatsChange","Payload":{"NewTestResults":[{"TestCase":{"Id":"35f7799a-793a-3533-4b9f-6125cb0945b5","FullyQualifiedName":"JobSearcher_QueriesTest.ApiServiceTests.SendAsync_ShouldThrowException_OnHttpRequestException","DisplayName":"JobSearcher_QueriesTest.ApiServiceTests.SendAsync_ShouldThrowException_OnHttpRequestException(error: \"Bad Request\")","ExecutorUri":"executor://xunit/VsTestRunner2/netcoreapp","Source":"C:\\Repos\\Rewe_test\\JobSearcher_QueriesTest\\bin\\Debug\\net8.0\\fine-code-coverage\\build-output\\JobSearcher_QueriesTest.dll","CodeFilePath":null,"LineNumber":0,"Properties":[]},"Attachments":[],"Outcome":1,"ErrorMessage":null,"ErrorStackTrace":null,"DisplayName":"JobSearcher_QueriesTest.ApiServiceTests.SendAsync_ShouldThrowException_OnHttpRequestException(error: \"Bad Request\")","Messages":[],"ComputerName":"TUF1","Duration":"00:00:00.0002691","StartTime":"2024-05-26T18:48:04.7895554+00:00","EndTime":"2024-05-26T18:48:04.7895556+00:00","Properties":[]},{"TestCase":{"Id":"bf3fad5b-20e3-061b-5c0e-4ad2e8b9ae5c","FullyQualifiedName":"JobSearcher_QueriesTest.ApiServiceTests.SendAsync_ShouldThrowException_OnHttpRequestException","DisplayName":"JobSearcher_QueriesTest.ApiServiceTests.SendAsync_ShouldThrowException_OnHttpRequestException(error: \"Not Found\")","ExecutorUri":"executor://xunit/VsTestRunner2/netcoreapp","Source":"C:\\Repos\\Rewe_test\\JobSearcher_QueriesTest\\bin\\Debug\\net8.0\\fine-code-coverage\\build-output\\JobSearcher_QueriesTest.dll","CodeFilePath":null,"LineNumber":0,"Properties":[]},"Attachments":[],"Outcome":1,"ErrorMessage":null,"ErrorStackTrace":null,"DisplayName":"JobSearcher_QueriesTest.ApiServiceTests.SendAsync_ShouldThrowException_OnHttpRequestException(error: \"Not Found\")","Messages":[],"ComputerName":"TUF1","Duration":"00:00:00.0002717","StartTime":"2024-05-26T18:48:04.792681+00:00","EndTime":"2024-05-26T18:48:04.7926812+00:00","Properties":[]},{"TestCase":{"Id":"2a3cd258-b025-7781-9c63-acf1c6179f63","FullyQualifiedName":"JobSearcher_QueriesTest.ApiServiceTests.DeleteAsync_ShouldReturn_Response","DisplayName":"JobSearcher_QueriesTest.ApiServiceTests.DeleteAsync_ShouldReturn_Response","ExecutorUri":"executor://xunit/VsTestRunner2/netcoreapp","Source":"C:\\Repos\\Rewe_test\\JobSearcher_QueriesTest\\bin\\Debug\\net8.0\\fine-code-coverage\\build-output\\JobSearcher_QueriesTest.dll","CodeFilePath":null,"LineNumber":0,"Properties":[]},"Attachments":[],"Outcome":1,"ErrorMessage":null,"ErrorStackTrace":null,"DisplayName":"JobSearcher_QueriesTest.ApiServiceTests.DeleteAsync_ShouldReturn_Response","Messages":[],"ComputerName":"TUF1","Duration":"00:00:00.0173763","StartTime":"2024-05-26T18:48:04.7951465+00:00","EndTime":"2024-05-26T18:48:04.7951469+00:00","Properties":[]},{"TestCase":{"Id":"b85a341b-0406-b6f1-78e3-dd7d753dcad3","FullyQualifiedName":"JobSearcher_QueriesTest.ApiServiceTests.SendAsync_ShouldThrowException_OnHttpRequestConflictException","DisplayName":"JobSearcher_QueriesTest.ApiServiceTests.SendAsync_ShouldThrowException_OnHttpRequestConflictException","ExecutorUri":"executor://xunit/VsTestRunner2/netcoreapp","Source":"C:\\Repos\\Rewe_test\\JobSearcher_QueriesTest\\bin\\Debug\\net8.0\\fine-code-coverage\\build-output\\JobSearcher_QueriesTest.dll","CodeFilePath":null,"LineNumber":0,"Properties":[]},"Attachments":[],"Outcome":1,"ErrorMessage":null,"ErrorStackTrace":null,"DisplayName":"JobSearcher_QueriesTest.ApiServiceTests.SendAsync_ShouldThrowException_OnHttpRequestConflictException","Messages":[],"ComputerName":"TUF1","Duration":"00:00:00.0010895","StartTime":"2024-05-26T18:48:04.797534+00:00","EndTime":"2024-05-26T18:48:04.7975341+00:00","Properties":[]},{"TestCase":{"Id":"f6b08fd5-1aa0-bdd8-b9e1-5c7c1ebbe604","FullyQualifiedName":"JobSearcher_QueriesTest.ApiServiceTests.PostCredentials_ShouldReturnResponse","DisplayName":"JobSearcher_QueriesTest.ApiServiceTests.PostCredentials_ShouldReturnResponse","ExecutorUri":"executor://xunit/VsTestRunner2/netcoreapp","Source":"C:\\Repos\\Rewe_test\\JobSearcher_QueriesTest\\bin\\Debug\\net8.0\\fine-code-coverage\\build-output\\JobSearcher_QueriesTest.dll","CodeFilePath":null,"LineNumber":0,"Properties":[]},"Attachments":[],"Outcome":1,"ErrorMessage":null,"ErrorStackTrace":null,"DisplayName":"JobSearcher_QueriesTest.ApiServiceTests.PostCredentials_ShouldReturnResponse","Messages":[],"ComputerName":"TUF1","Duration":"00:00:00.0047394","StartTime":"2024-05-26T18:48:04.7998155+00:00","EndTime":"2024-05-26T18:48:04.7998156+00:00","Properties":[]}],"TestRunStatistics":{"ExecutedTests":14,"Stats":{"Passed":14}},"ActiveTests":[{"Id":"5a02de39-019c-0c6c-8e51-338b976e2ce8","FullyQualifiedName":"JobSearcher_QueriesTest.ApiServiceTests.GetToken_ShouldReturnToken","DisplayName":"JobSearcher_QueriesTest.ApiServiceTests.GetToken_ShouldReturnToken","ExecutorUri":"executor://xunit/VsTestRunner2/netcoreapp","Source":"C:\\Repos\\Rewe_test\\JobSearcher_QueriesTest\\bin\\Debug\\net8.0\\fine-code-coverage\\build-output\\JobSearcher_QueriesTest.dll","CodeFilePath":null,"LineNumber":0,"Properties":[]}]}}
TpTrace Verbose: 0 : 34868, 13, 2024/05/26, 20:48:06.308, 7057076090514, vstest.console.dll, TestRunRequest:SendTestRunStatsChange: Starting.
TpTrace Verbose: 0 : 34868, 13, 2024/05/26, 20:48:06.308, 7057076091500, vstest.console.dll, InProgress is JobSearcher_QueriesTest.ApiServiceTests.GetToken_ShouldReturnToken
TpTrace Verbose: 0 : 34868, 13, 2024/05/26, 20:48:06.308, 7057076092251, vstest.console.dll, MulticastDelegateUtilities.SafeInvoke: TestRun.RunStatsChanged: Invoking callbacks was skipped because there are no subscribers.
TpTrace Information: 0 : 34868, 13, 2024/05/26, 20:48:06.308, 7057076092912, vstest.console.dll, TestRunRequest:SendTestRunStatsChange: Completed.
TpTrace Verbose: 0 : 34868, 13, 2024/05/26, 20:48:06.308, 7057076093553, vstest.console.dll, MulticastDelegateUtilities.SafeInvoke: LengthPrefixCommunicationChannel: MessageReceived: Invoking callback 1/1 for Microsoft.VisualStudio.TestPlatform.CommunicationUtilities.TestRequestSender+<>c__DisplayClass34_0., took 1 ms.
TpTrace Verbose: 0 : 34868, 4, 2024/05/26, 20:48:06.308, 7057076093525, vstest.console.dll, MulticastDelegateUtilities.SafeInvoke: InternalTestLoggerEvents.SendTestResult: Invoking callback 1/1 for Microsoft.VisualStudio.TestPlatform.CommandLine.Internal.ConsoleLogger., took 0 ms.
TpTrace Verbose: 0 : 34868, 13, 2024/05/26, 20:48:06.308, 7057076094820, vstest.console.dll, TcpClientExtensions.MessageLoopAsync: Polling on remoteEndPoint: 127.0.0.1:58452 localEndPoint: 127.0.0.1:58451 after 2 ms
TpTrace Verbose: 0 : 34868, 4, 2024/05/26, 20:48:06.309, 7057076096284, vstest.console.dll, MulticastDelegateUtilities.SafeInvoke: InternalTestLoggerEvents.SendTestResult: Invoking callback 1/1 for Microsoft.VisualStudio.TestPlatform.CommandLine.Internal.ConsoleLogger., took 0 ms.
TpTrace Verbose: 0 : 34868, 13, 2024/05/26, 20:48:06.309, 7057076096681, vstest.console.dll, TcpClientExtensions.MessageLoopAsync: NotifyDataAvailable remoteEndPoint: 127.0.0.1:58452 localEndPoint: 127.0.0.1:58451
TpTrace Verbose: 0 : 34868, 4, 2024/05/26, 20:48:06.309, 7057076097540, vstest.console.dll, MulticastDelegateUtilities.SafeInvoke: InternalTestLoggerEvents.SendTestResult: Invoking callback 1/1 for Microsoft.VisualStudio.TestPlatform.CommandLine.Internal.ConsoleLogger., took 0 ms.
TpTrace Verbose: 0 : 34868, 13, 2024/05/26, 20:48:06.309, 7057076098243, vstest.console.dll, TestRequestSender.OnExecutionMessageReceived: Received message: {"Version":7,"MessageType":"TestSession.Message","Payload":{"MessageLevel":0,"Message":"[xUnit.net 00:00:02.08]       System.Text.Json.JsonReaderException : '<' is an invalid start of a value. LineNumber: 0 | BytePositionInLine: 0."}}
TpTrace Verbose: 0 : 34868, 4, 2024/05/26, 20:48:06.309, 7057076098899, vstest.console.dll, MulticastDelegateUtilities.SafeInvoke: InternalTestLoggerEvents.SendTestResult: Invoking callback 1/1 for Microsoft.VisualStudio.TestPlatform.CommandLine.Internal.ConsoleLogger., took 0 ms.
TpTrace Verbose: 0 : 34868, 4, 2024/05/26, 20:48:06.309, 7057076101502, vstest.console.dll, MulticastDelegateUtilities.SafeInvoke: InternalTestLoggerEvents.SendTestResult: Invoking callback 1/1 for Microsoft.VisualStudio.TestPlatform.CommandLine.Internal.ConsoleLogger., took 0 ms.
TpTrace Verbose: 0 : 34868, 13, 2024/05/26, 20:48:06.309, 7057076100774, vstest.console.dll, TestRunRequest:SendTestRunMessage: Starting.
TpTrace Verbose: 0 : 34868, 13, 2024/05/26, 20:48:06.309, 7057076104165, vstest.console.dll, MulticastDelegateUtilities.SafeInvoke: TestRun.LogMessages: Invoking callback 1/1 for Microsoft.VisualStudio.TestPlatform.CommandLine.TestRunResultAggregator., took 0 ms.
TpTrace Verbose: 0 : 34868, 4, 2024/05/26, 20:48:06.309, 7057076104901, vstest.console.dll, MulticastDelegateUtilities.SafeInvoke: InternalTestLoggerEvents.SendTestRunMessage: Invoking callback 1/1 for Microsoft.VisualStudio.TestPlatform.CommandLine.Internal.ConsoleLogger., took 0 ms.
TpTrace Information: 0 : 34868, 13, 2024/05/26, 20:48:06.309, 7057076105277, vstest.console.dll, TestRunRequest:SendTestRunMessage: Completed.
TpTrace Verbose: 0 : 34868, 13, 2024/05/26, 20:48:06.310, 7057076106283, vstest.console.dll, MulticastDelegateUtilities.SafeInvoke: LengthPrefixCommunicationChannel: MessageReceived: Invoking callback 1/1 for Microsoft.VisualStudio.TestPlatform.CommunicationUtilities.TestRequestSender+<>c__DisplayClass34_0., took 0 ms.
TpTrace Verbose: 0 : 34868, 13, 2024/05/26, 20:48:06.310, 7057076106874, vstest.console.dll, TcpClientExtensions.MessageLoopAsync: Polling on remoteEndPoint: 127.0.0.1:58452 localEndPoint: 127.0.0.1:58451 after 1 ms
TpTrace Verbose: 0 : 34868, 13, 2024/05/26, 20:48:06.310, 7057076107616, vstest.console.dll, TcpClientExtensions.MessageLoopAsync: NotifyDataAvailable remoteEndPoint: 127.0.0.1:58452 localEndPoint: 127.0.0.1:58451
TpTrace Verbose: 0 : 34868, 13, 2024/05/26, 20:48:06.310, 7057076108399, vstest.console.dll, TestRequestSender.OnExecutionMessageReceived: Received message: {"Version":7,"MessageType":"TestSession.Message","Payload":{"MessageLevel":0,"Message":"[xUnit.net 00:00:02.09]       Stack Trace:"}}
TpTrace Verbose: 0 : 34868, 13, 2024/05/26, 20:48:06.310, 7057076109493, vstest.console.dll, TestRunRequest:SendTestRunMessage: Starting.
TpTrace Verbose: 0 : 34868, 13, 2024/05/26, 20:48:06.310, 7057076110077, vstest.console.dll, MulticastDelegateUtilities.SafeInvoke: TestRun.LogMessages: Invoking callback 1/1 for Microsoft.VisualStudio.TestPlatform.CommandLine.TestRunResultAggregator., took 0 ms.
TpTrace Information: 0 : 34868, 13, 2024/05/26, 20:48:06.310, 7057076110717, vstest.console.dll, TestRunRequest:SendTestRunMessage: Completed.
TpTrace Verbose: 0 : 34868, 13, 2024/05/26, 20:48:06.310, 7057076111018, vstest.console.dll, MulticastDelegateUtilities.SafeInvoke: LengthPrefixCommunicationChannel: MessageReceived: Invoking callback 1/1 for Microsoft.VisualStudio.TestPlatform.CommunicationUtilities.TestRequestSender+<>c__DisplayClass34_0., took 0 ms.
TpTrace Verbose: 0 : 34868, 4, 2024/05/26, 20:48:06.310, 7057076110979, vstest.console.dll, MulticastDelegateUtilities.SafeInvoke: InternalTestLoggerEvents.SendTestRunMessage: Invoking callback 1/1 for Microsoft.VisualStudio.TestPlatform.CommandLine.Internal.ConsoleLogger., took 0 ms.
TpTrace Verbose: 0 : 34868, 13, 2024/05/26, 20:48:06.310, 7057076111341, vstest.console.dll, TcpClientExtensions.MessageLoopAsync: Polling on remoteEndPoint: 127.0.0.1:58452 localEndPoint: 127.0.0.1:58451 after 0 ms
TpTrace Verbose: 0 : 34868, 13, 2024/05/26, 20:48:06.310, 7057076113041, vstest.console.dll, TcpClientExtensions.MessageLoopAsync: NotifyDataAvailable remoteEndPoint: 127.0.0.1:58452 localEndPoint: 127.0.0.1:58451
TpTrace Verbose: 0 : 34868, 13, 2024/05/26, 20:48:06.310, 7057076113575, vstest.console.dll, TestRequestSender.OnExecutionMessageReceived: Received message: {"Version":7,"MessageType":"TestSession.Message","Payload":{"MessageLevel":0,"Message":"[xUnit.net 00:00:02.09]            at System.Text.Json.ThrowHelper.ThrowJsonReaderException(Utf8JsonReader& json, ExceptionResource resource, Byte nextByte, ReadOnlySpan`1 bytes)"}}
TpTrace Verbose: 0 : 34868, 13, 2024/05/26, 20:48:06.310, 7057076114443, vstest.console.dll, TestRunRequest:SendTestRunMessage: Starting.
TpTrace Verbose: 0 : 34868, 13, 2024/05/26, 20:48:06.310, 7057076114939, vstest.console.dll, MulticastDelegateUtilities.SafeInvoke: TestRun.LogMessages: Invoking callback 1/1 for Microsoft.VisualStudio.TestPlatform.CommandLine.TestRunResultAggregator., took 0 ms.
TpTrace Information: 0 : 34868, 13, 2024/05/26, 20:48:06.310, 7057076115403, vstest.console.dll, TestRunRequest:SendTestRunMessage: Completed.
TpTrace Verbose: 0 : 34868, 4, 2024/05/26, 20:48:06.310, 7057076115223, vstest.console.dll, MulticastDelegateUtilities.SafeInvoke: InternalTestLoggerEvents.SendTestRunMessage: Invoking callback 1/1 for Microsoft.VisualStudio.TestPlatform.CommandLine.Internal.ConsoleLogger., took 0 ms.
TpTrace Verbose: 0 : 34868, 13, 2024/05/26, 20:48:06.311, 7057076116045, vstest.console.dll, MulticastDelegateUtilities.SafeInvoke: LengthPrefixCommunicationChannel: MessageReceived: Invoking callback 1/1 for Microsoft.VisualStudio.TestPlatform.CommunicationUtilities.TestRequestSender+<>c__DisplayClass34_0., took 0 ms.
TpTrace Verbose: 0 : 34868, 13, 2024/05/26, 20:48:06.311, 7057076116858, vstest.console.dll, TcpClientExtensions.MessageLoopAsync: Polling on remoteEndPoint: 127.0.0.1:58452 localEndPoint: 127.0.0.1:58451 after 0 ms
TpTrace Verbose: 0 : 34868, 13, 2024/05/26, 20:48:06.311, 7057076117177, vstest.console.dll, TcpClientExtensions.MessageLoopAsync: NotifyDataAvailable remoteEndPoint: 127.0.0.1:58452 localEndPoint: 127.0.0.1:58451
TpTrace Verbose: 0 : 34868, 13, 2024/05/26, 20:48:06.311, 7057076117696, vstest.console.dll, TestRequestSender.OnExecutionMessageReceived: Received message: {"Version":7,"MessageType":"TestSession.Message","Payload":{"MessageLevel":0,"Message":"[xUnit.net 00:00:02.09]            at System.Text.Json.Utf8JsonReader.ConsumeValue(Byte marker)"}}
TpTrace Verbose: 0 : 34868, 13, 2024/05/26, 20:48:06.311, 7057076118278, vstest.console.dll, TestRunRequest:SendTestRunMessage: Starting.
TpTrace Verbose: 0 : 34868, 13, 2024/05/26, 20:48:06.311, 7057076118652, vstest.console.dll, MulticastDelegateUtilities.SafeInvoke: TestRun.LogMessages: Invoking callback 1/1 for Microsoft.VisualStudio.TestPlatform.CommandLine.TestRunResultAggregator., took 0 ms.
TpTrace Verbose: 0 : 34868, 4, 2024/05/26, 20:48:06.311, 7057076118755, vstest.console.dll, MulticastDelegateUtilities.SafeInvoke: InternalTestLoggerEvents.SendTestRunMessage: Invoking callback 1/1 for Microsoft.VisualStudio.TestPlatform.CommandLine.Internal.ConsoleLogger., took 0 ms.
TpTrace Information: 0 : 34868, 13, 2024/05/26, 20:48:06.311, 7057076118929, vstest.console.dll, TestRunRequest:SendTestRunMessage: Completed.
TpTrace Verbose: 0 : 34868, 13, 2024/05/26, 20:48:06.311, 7057076119697, vstest.console.dll, MulticastDelegateUtilities.SafeInvoke: LengthPrefixCommunicationChannel: MessageReceived: Invoking callback 1/1 for Microsoft.VisualStudio.TestPlatform.CommunicationUtilities.TestRequestSender+<>c__DisplayClass34_0., took 0 ms.
TpTrace Verbose: 0 : 34868, 13, 2024/05/26, 20:48:06.311, 7057076119989, vstest.console.dll, TcpClientExtensions.MessageLoopAsync: Polling on remoteEndPoint: 127.0.0.1:58452 localEndPoint: 127.0.0.1:58451 after 0 ms
TpTrace Verbose: 0 : 34868, 13, 2024/05/26, 20:48:06.311, 7057076120315, vstest.console.dll, TcpClientExtensions.MessageLoopAsync: NotifyDataAvailable remoteEndPoint: 127.0.0.1:58452 localEndPoint: 127.0.0.1:58451
TpTrace Verbose: 0 : 34868, 13, 2024/05/26, 20:48:06.311, 7057076120696, vstest.console.dll, TestRequestSender.OnExecutionMessageReceived: Received message: {"Version":7,"MessageType":"TestSession.Message","Payload":{"MessageLevel":0,"Message":"[xUnit.net 00:00:02.09]            at System.Text.Json.Utf8JsonReader.ReadFirstToken(Byte first)"}}
TpTrace Verbose: 0 : 34868, 13, 2024/05/26, 20:48:06.311, 7057076121237, vstest.console.dll, TestRunRequest:SendTestRunMessage: Starting.
TpTrace Verbose: 0 : 34868, 13, 2024/05/26, 20:48:06.311, 7057076121610, vstest.console.dll, MulticastDelegateUtilities.SafeInvoke: TestRun.LogMessages: Invoking callback 1/1 for Microsoft.VisualStudio.TestPlatform.CommandLine.TestRunResultAggregator., took 0 ms.
TpTrace Information: 0 : 34868, 13, 2024/05/26, 20:48:06.311, 7057076121865, vstest.console.dll, TestRunRequest:SendTestRunMessage: Completed.
TpTrace Verbose: 0 : 34868, 4, 2024/05/26, 20:48:06.311, 7057076121893, vstest.console.dll, MulticastDelegateUtilities.SafeInvoke: InternalTestLoggerEvents.SendTestRunMessage: Invoking callback 1/1 for Microsoft.VisualStudio.TestPlatform.CommandLine.Internal.ConsoleLogger., took 0 ms.
TpTrace Verbose: 0 : 34868, 13, 2024/05/26, 20:48:06.311, 7057076122172, vstest.console.dll, MulticastDelegateUtilities.SafeInvoke: LengthPrefixCommunicationChannel: MessageReceived: Invoking callback 1/1 for Microsoft.VisualStudio.TestPlatform.CommunicationUtilities.TestRequestSender+<>c__DisplayClass34_0., took 0 ms.
TpTrace Verbose: 0 : 34868, 13, 2024/05/26, 20:48:06.311, 7057076123180, vstest.console.dll, TcpClientExtensions.MessageLoopAsync: Polling on remoteEndPoint: 127.0.0.1:58452 localEndPoint: 127.0.0.1:58451 after 0 ms
TpTrace Verbose: 0 : 34868, 13, 2024/05/26, 20:48:06.311, 7057076123485, vstest.console.dll, TcpClientExtensions.MessageLoopAsync: NotifyDataAvailable remoteEndPoint: 127.0.0.1:58452 localEndPoint: 127.0.0.1:58451
TpTrace Verbose: 0 : 34868, 13, 2024/05/26, 20:48:06.311, 7057076124036, vstest.console.dll, TestRequestSender.OnExecutionMessageReceived: Received message: {"Version":7,"MessageType":"TestSession.Message","Payload":{"MessageLevel":0,"Message":"[xUnit.net 00:00:02.09]            at System.Text.Json.Utf8JsonReader.ReadSingleSegment()"}}
TpTrace Verbose: 0 : 34868, 13, 2024/05/26, 20:48:06.311, 7057076124542, vstest.console.dll, TestRunRequest:SendTestRunMessage: Starting.
TpTrace Verbose: 0 : 34868, 13, 2024/05/26, 20:48:06.311, 7057076124895, vstest.console.dll, MulticastDelegateUtilities.SafeInvoke: TestRun.LogMessages: Invoking callback 1/1 for Microsoft.VisualStudio.TestPlatform.CommandLine.TestRunResultAggregator., took 0 ms.
TpTrace Information: 0 : 34868, 13, 2024/05/26, 20:48:06.311, 7057076125247, vstest.console.dll, TestRunRequest:SendTestRunMessage: Completed.
TpTrace Verbose: 0 : 34868, 4, 2024/05/26, 20:48:06.311, 7057076125019, vstest.console.dll, MulticastDelegateUtilities.SafeInvoke: InternalTestLoggerEvents.SendTestRunMessage: Invoking callback 1/1 for Microsoft.VisualStudio.TestPlatform.CommandLine.Internal.ConsoleLogger., took 0 ms.
TpTrace Verbose: 0 : 34868, 13, 2024/05/26, 20:48:06.311, 7057076125581, vstest.console.dll, MulticastDelegateUtilities.SafeInvoke: LengthPrefixCommunicationChannel: MessageReceived: Invoking callback 1/1 for Microsoft.VisualStudio.TestPlatform.CommunicationUtilities.TestRequestSender+<>c__DisplayClass34_0., took 0 ms.
TpTrace Verbose: 0 : 34868, 13, 2024/05/26, 20:48:06.312, 7057076126386, vstest.console.dll, TcpClientExtensions.MessageLoopAsync: Polling on remoteEndPoint: 127.0.0.1:58452 localEndPoint: 127.0.0.1:58451 after 0 ms
TpTrace Verbose: 0 : 34868, 13, 2024/05/26, 20:48:06.312, 7057076126703, vstest.console.dll, TcpClientExtensions.MessageLoopAsync: NotifyDataAvailable remoteEndPoint: 127.0.0.1:58452 localEndPoint: 127.0.0.1:58451
TpTrace Verbose: 0 : 34868, 13, 2024/05/26, 20:48:06.312, 7057076127075, vstest.console.dll, TestRequestSender.OnExecutionMessageReceived: Received message: {"Version":7,"MessageType":"TestSession.Message","Payload":{"MessageLevel":0,"Message":"[xUnit.net 00:00:02.09]            at System.Text.Json.Utf8JsonReader.Read()"}}
TpTrace Verbose: 0 : 34868, 13, 2024/05/26, 20:48:06.312, 7057076127598, vstest.console.dll, TestRunRequest:SendTestRunMessage: Starting.
TpTrace Verbose: 0 : 34868, 13, 2024/05/26, 20:48:06.312, 7057076127955, vstest.console.dll, MulticastDelegateUtilities.SafeInvoke: TestRun.LogMessages: Invoking callback 1/1 for Microsoft.VisualStudio.TestPlatform.CommandLine.TestRunResultAggregator., took 0 ms.
TpTrace Verbose: 0 : 34868, 4, 2024/05/26, 20:48:06.312, 7057076128034, vstest.console.dll, MulticastDelegateUtilities.SafeInvoke: InternalTestLoggerEvents.SendTestRunMessage: Invoking callback 1/1 for Microsoft.VisualStudio.TestPlatform.CommandLine.Internal.ConsoleLogger., took 0 ms.
TpTrace Information: 0 : 34868, 13, 2024/05/26, 20:48:06.312, 7057076128273, vstest.console.dll, TestRunRequest:SendTestRunMessage: Completed.
TpTrace Verbose: 0 : 34868, 13, 2024/05/26, 20:48:06.312, 7057076129152, vstest.console.dll, MulticastDelegateUtilities.SafeInvoke: LengthPrefixCommunicationChannel: MessageReceived: Invoking callback 1/1 for Microsoft.VisualStudio.TestPlatform.CommunicationUtilities.TestRequestSender+<>c__DisplayClass34_0., took 0 ms.
TpTrace Verbose: 0 : 34868, 13, 2024/05/26, 20:48:06.312, 7057076129457, vstest.console.dll, TcpClientExtensions.MessageLoopAsync: Polling on remoteEndPoint: 127.0.0.1:58452 localEndPoint: 127.0.0.1:58451 after 0 ms
TpTrace Verbose: 0 : 34868, 13, 2024/05/26, 20:48:06.312, 7057076129763, vstest.console.dll, TcpClientExtensions.MessageLoopAsync: NotifyDataAvailable remoteEndPoint: 127.0.0.1:58452 localEndPoint: 127.0.0.1:58451
TpTrace Verbose: 0 : 34868, 13, 2024/05/26, 20:48:06.312, 7057076131341, vstest.console.dll, TestRequestSender.OnExecutionMessageReceived: Received message: {"Version":7,"MessageType":"TestSession.Message","Payload":{"MessageLevel":0,"Message":"[xUnit.net 00:00:02.09]            at System.Text.Json.JsonDocument.Parse(ReadOnlySpan`1 utf8JsonSpan, JsonReaderOptions readerOptions, MetadataDb& database, StackRowStack& stack)"}}
TpTrace Verbose: 0 : 34868, 13, 2024/05/26, 20:48:06.312, 7057076131978, vstest.console.dll, TestRunRequest:SendTestRunMessage: Starting.
TpTrace Verbose: 0 : 34868, 13, 2024/05/26, 20:48:06.312, 7057076132344, vstest.console.dll, MulticastDelegateUtilities.SafeInvoke: TestRun.LogMessages: Invoking callback 1/1 for Microsoft.VisualStudio.TestPlatform.CommandLine.TestRunResultAggregator., took 0 ms.
TpTrace Verbose: 0 : 34868, 4, 2024/05/26, 20:48:06.312, 7057076132444, vstest.console.dll, MulticastDelegateUtilities.SafeInvoke: InternalTestLoggerEvents.SendTestRunMessage: Invoking callback 1/1 for Microsoft.VisualStudio.TestPlatform.CommandLine.Internal.ConsoleLogger., took 0 ms.
TpTrace Information: 0 : 34868, 13, 2024/05/26, 20:48:06.312, 7057076132903, vstest.console.dll, TestRunRequest:SendTestRunMessage: Completed.
TpTrace Verbose: 0 : 34868, 13, 2024/05/26, 20:48:06.312, 7057076133297, vstest.console.dll, MulticastDelegateUtilities.SafeInvoke: LengthPrefixCommunicationChannel: MessageReceived: Invoking callback 1/1 for Microsoft.VisualStudio.TestPlatform.CommunicationUtilities.TestRequestSender+<>c__DisplayClass34_0., took 0 ms.
TpTrace Verbose: 0 : 34868, 13, 2024/05/26, 20:48:06.312, 7057076133562, vstest.console.dll, TcpClientExtensions.MessageLoopAsync: Polling on remoteEndPoint: 127.0.0.1:58452 localEndPoint: 127.0.0.1:58451 after 0 ms
TpTrace Verbose: 0 : 34868, 13, 2024/05/26, 20:48:06.312, 7057076133867, vstest.console.dll, TcpClientExtensions.MessageLoopAsync: NotifyDataAvailable remoteEndPoint: 127.0.0.1:58452 localEndPoint: 127.0.0.1:58451
TpTrace Verbose: 0 : 34868, 13, 2024/05/26, 20:48:06.312, 7057076134325, vstest.console.dll, TestRequestSender.OnExecutionMessageReceived: Received message: {"Version":7,"MessageType":"TestSession.Message","Payload":{"MessageLevel":0,"Message":"[xUnit.net 00:00:02.09]            at System.Text.Json.JsonDocument.Parse(ReadOnlyMemory`1 utf8Json, JsonReaderOptions readerOptions, Byte[] extraRentedArrayPoolBytes, PooledByteBufferWriter extraPooledByteBufferWriter)"}}
TpTrace Verbose: 0 : 34868, 13, 2024/05/26, 20:48:06.312, 7057076134976, vstest.console.dll, TestRunRequest:SendTestRunMessage: Starting.
TpTrace Verbose: 0 : 34868, 13, 2024/05/26, 20:48:06.312, 7057076135401, vstest.console.dll, MulticastDelegateUtilities.SafeInvoke: TestRun.LogMessages: Invoking callback 1/1 for Microsoft.VisualStudio.TestPlatform.CommandLine.TestRunResultAggregator., took 0 ms.
TpTrace Verbose: 0 : 34868, 4, 2024/05/26, 20:48:06.312, 7057076135502, vstest.console.dll, MulticastDelegateUtilities.SafeInvoke: InternalTestLoggerEvents.SendTestRunMessage: Invoking callback 1/1 for Microsoft.VisualStudio.TestPlatform.CommandLine.Internal.ConsoleLogger., took 0 ms.
TpTrace Information: 0 : 34868, 13, 2024/05/26, 20:48:06.313, 7057076136000, vstest.console.dll, TestRunRequest:SendTestRunMessage: Completed.
TpTrace Verbose: 0 : 34868, 13, 2024/05/26, 20:48:06.313, 7057076136302, vstest.console.dll, MulticastDelegateUtilities.SafeInvoke: LengthPrefixCommunicationChannel: MessageReceived: Invoking callback 1/1 for Microsoft.VisualStudio.TestPlatform.CommunicationUtilities.TestRequestSender+<>c__DisplayClass34_0., took 0 ms.
TpTrace Verbose: 0 : 34868, 13, 2024/05/26, 20:48:06.313, 7057076136565, vstest.console.dll, TcpClientExtensions.MessageLoopAsync: Polling on remoteEndPoint: 127.0.0.1:58452 localEndPoint: 127.0.0.1:58451 after 0 ms
TpTrace Verbose: 0 : 34868, 13, 2024/05/26, 20:48:06.313, 7057076136873, vstest.console.dll, TcpClientExtensions.MessageLoopAsync: NotifyDataAvailable remoteEndPoint: 127.0.0.1:58452 localEndPoint: 127.0.0.1:58451
TpTrace Verbose: 0 : 34868, 13, 2024/05/26, 20:48:06.313, 7057076137254, vstest.console.dll, TestRequestSender.OnExecutionMessageReceived: Received message: {"Version":7,"MessageType":"TestSession.Message","Payload":{"MessageLevel":0,"Message":"[xUnit.net 00:00:02.09]            at System.Text.Json.JsonDocument.Parse(ReadOnlyMemory`1 json, JsonDocumentOptions options)"}}
TpTrace Verbose: 0 : 34868, 13, 2024/05/26, 20:48:06.313, 7057076137817, vstest.console.dll, TestRunRequest:SendTestRunMessage: Starting.
TpTrace Verbose: 0 : 34868, 13, 2024/05/26, 20:48:06.313, 7057076138185, vstest.console.dll, MulticastDelegateUtilities.SafeInvoke: TestRun.LogMessages: Invoking callback 1/1 for Microsoft.VisualStudio.TestPlatform.CommandLine.TestRunResultAggregator., took 0 ms.
TpTrace Information: 0 : 34868, 13, 2024/05/26, 20:48:06.313, 7057076138507, vstest.console.dll, TestRunRequest:SendTestRunMessage: Completed.
TpTrace Verbose: 0 : 34868, 4, 2024/05/26, 20:48:06.313, 7057076138272, vstest.console.dll, MulticastDelegateUtilities.SafeInvoke: InternalTestLoggerEvents.SendTestRunMessage: Invoking callback 1/1 for Microsoft.VisualStudio.TestPlatform.CommandLine.Internal.ConsoleLogger., took 0 ms.
TpTrace Verbose: 0 : 34868, 13, 2024/05/26, 20:48:06.313, 7057076138783, vstest.console.dll, MulticastDelegateUtilities.SafeInvoke: LengthPrefixCommunicationChannel: MessageReceived: Invoking callback 1/1 for Microsoft.VisualStudio.TestPlatform.CommunicationUtilities.TestRequestSender+<>c__DisplayClass34_0., took 0 ms.
TpTrace Verbose: 0 : 34868, 13, 2024/05/26, 20:48:06.313, 7057076139740, vstest.console.dll, TcpClientExtensions.MessageLoopAsync: Polling on remoteEndPoint: 127.0.0.1:58452 localEndPoint: 127.0.0.1:58451 after 0 ms
TpTrace Verbose: 0 : 34868, 13, 2024/05/26, 20:48:06.313, 7057076140379, vstest.console.dll, TcpClientExtensions.MessageLoopAsync: NotifyDataAvailable remoteEndPoint: 127.0.0.1:58452 localEndPoint: 127.0.0.1:58451
TpTrace Verbose: 0 : 34868, 13, 2024/05/26, 20:48:06.313, 7057076141015, vstest.console.dll, TestRequestSender.OnExecutionMessageReceived: Received message: {"Version":7,"MessageType":"TestSession.Message","Payload":{"MessageLevel":0,"Message":"[xUnit.net 00:00:02.09]            at System.Text.Json.JsonDocument.Parse(String json, JsonDocumentOptions options)"}}
TpTrace Verbose: 0 : 34868, 13, 2024/05/26, 20:48:06.313, 7057076142626, vstest.console.dll, TestRunRequest:SendTestRunMessage: Starting.
TpTrace Verbose: 0 : 34868, 13, 2024/05/26, 20:48:06.313, 7057076143159, vstest.console.dll, MulticastDelegateUtilities.SafeInvoke: TestRun.LogMessages: Invoking callback 1/1 for Microsoft.VisualStudio.TestPlatform.CommandLine.TestRunResultAggregator., took 0 ms.
TpTrace Verbose: 0 : 34868, 4, 2024/05/26, 20:48:06.313, 7057076143306, vstest.console.dll, MulticastDelegateUtilities.SafeInvoke: InternalTestLoggerEvents.SendTestRunMessage: Invoking callback 1/1 for Microsoft.VisualStudio.TestPlatform.CommandLine.Internal.ConsoleLogger., took 0 ms.
TpTrace Information: 0 : 34868, 13, 2024/05/26, 20:48:06.313, 7057076143618, vstest.console.dll, TestRunRequest:SendTestRunMessage: Completed.
TpTrace Verbose: 0 : 34868, 13, 2024/05/26, 20:48:06.313, 7057076144649, vstest.console.dll, MulticastDelegateUtilities.SafeInvoke: LengthPrefixCommunicationChannel: MessageReceived: Invoking callback 1/1 for Microsoft.VisualStudio.TestPlatform.CommunicationUtilities.TestRequestSender+<>c__DisplayClass34_0., took 0 ms.
TpTrace Verbose: 0 : 34868, 13, 2024/05/26, 20:48:06.313, 7057076145213, vstest.console.dll, TcpClientExtensions.MessageLoopAsync: Polling on remoteEndPoint: 127.0.0.1:58452 localEndPoint: 127.0.0.1:58451 after 0 ms
TpTrace Verbose: 0 : 34868, 13, 2024/05/26, 20:48:06.313, 7057076145580, vstest.console.dll, TcpClientExtensions.MessageLoopAsync: NotifyDataAvailable remoteEndPoint: 127.0.0.1:58452 localEndPoint: 127.0.0.1:58451
TpTrace Verbose: 0 : 34868, 13, 2024/05/26, 20:48:06.314, 7057076146176, vstest.console.dll, TestRequestSender.OnExecutionMessageReceived: Received message: {"Version":7,"MessageType":"TestSession.Message","Payload":{"MessageLevel":0,"Message":"[xUnit.net 00:00:02.09]         C:\\Repos\\Rewe_test\\JobSearcher_Queries\\ApiService.cs(182,0): at JobSearcher_Queries.ApiService.ExtractAccessToken(String jsonResponse)"}}
TpTrace Verbose: 0 : 34868, 13, 2024/05/26, 20:48:06.314, 7057076146752, vstest.console.dll, TestRunRequest:SendTestRunMessage: Starting.
TpTrace Verbose: 0 : 34868, 13, 2024/05/26, 20:48:06.314, 7057076147365, vstest.console.dll, MulticastDelegateUtilities.SafeInvoke: TestRun.LogMessages: Invoking callback 1/1 for Microsoft.VisualStudio.TestPlatform.CommandLine.TestRunResultAggregator., took 0 ms.
TpTrace Information: 0 : 34868, 13, 2024/05/26, 20:48:06.314, 7057076147723, vstest.console.dll, TestRunRequest:SendTestRunMessage: Completed.
TpTrace Verbose: 0 : 34868, 13, 2024/05/26, 20:48:06.314, 7057076148135, vstest.console.dll, MulticastDelegateUtilities.SafeInvoke: LengthPrefixCommunicationChannel: MessageReceived: Invoking callback 1/1 for Microsoft.VisualStudio.TestPlatform.CommunicationUtilities.TestRequestSender+<>c__DisplayClass34_0., took 0 ms.
TpTrace Verbose: 0 : 34868, 4, 2024/05/26, 20:48:06.314, 7057076148288, vstest.console.dll, MulticastDelegateUtilities.SafeInvoke: InternalTestLoggerEvents.SendTestRunMessage: Invoking callback 1/1 for Microsoft.VisualStudio.TestPlatform.CommandLine.Internal.ConsoleLogger., took 0 ms.
TpTrace Verbose: 0 : 34868, 13, 2024/05/26, 20:48:06.314, 7057076148414, vstest.console.dll, TcpClientExtensions.MessageLoopAsync: Polling on remoteEndPoint: 127.0.0.1:58452 localEndPoint: 127.0.0.1:58451 after 0 ms
TpTrace Verbose: 0 : 34868, 13, 2024/05/26, 20:48:06.314, 7057076150088, vstest.console.dll, TcpClientExtensions.MessageLoopAsync: NotifyDataAvailable remoteEndPoint: 127.0.0.1:58452 localEndPoint: 127.0.0.1:58451
TpTrace Verbose: 0 : 34868, 13, 2024/05/26, 20:48:06.314, 7057076150574, vstest.console.dll, TestRequestSender.OnExecutionMessageReceived: Received message: {"Version":7,"MessageType":"TestSession.Message","Payload":{"MessageLevel":0,"Message":"[xUnit.net 00:00:02.09]         C:\\Repos\\Rewe_test\\JobSearcher_Queries\\ApiService.cs(174,0): at JobSearcher_Queries.ApiService.GetToken(String url, String clientId, String clientSecret)"}}
TpTrace Verbose: 0 : 34868, 13, 2024/05/26, 20:48:06.314, 7057076151167, vstest.console.dll, TestRunRequest:SendTestRunMessage: Starting.
TpTrace Verbose: 0 : 34868, 13, 2024/05/26, 20:48:06.314, 7057076151551, vstest.console.dll, MulticastDelegateUtilities.SafeInvoke: TestRun.LogMessages: Invoking callback 1/1 for Microsoft.VisualStudio.TestPlatform.CommandLine.TestRunResultAggregator., took 0 ms.
TpTrace Information: 0 : 34868, 13, 2024/05/26, 20:48:06.314, 7057076151852, vstest.console.dll, TestRunRequest:SendTestRunMessage: Completed.
TpTrace Verbose: 0 : 34868, 13, 2024/05/26, 20:48:06.314, 7057076152183, vstest.console.dll, MulticastDelegateUtilities.SafeInvoke: LengthPrefixCommunicationChannel: MessageReceived: Invoking callback 1/1 for Microsoft.VisualStudio.TestPlatform.CommunicationUtilities.TestRequestSender+<>c__DisplayClass34_0., took 0 ms.
TpTrace Verbose: 0 : 34868, 4, 2024/05/26, 20:48:06.314, 7057076151649, vstest.console.dll, MulticastDelegateUtilities.SafeInvoke: InternalTestLoggerEvents.SendTestRunMessage: Invoking callback 1/1 for Microsoft.VisualStudio.TestPlatform.CommandLine.Internal.ConsoleLogger., took 0 ms.
TpTrace Verbose: 0 : 34868, 13, 2024/05/26, 20:48:06.314, 7057076152505, vstest.console.dll, TcpClientExtensions.MessageLoopAsync: Polling on remoteEndPoint: 127.0.0.1:58452 localEndPoint: 127.0.0.1:58451 after 0 ms
TpTrace Verbose: 0 : 34868, 13, 2024/05/26, 20:48:06.314, 7057076153494, vstest.console.dll, TcpClientExtensions.MessageLoopAsync: NotifyDataAvailable remoteEndPoint: 127.0.0.1:58452 localEndPoint: 127.0.0.1:58451
TpTrace Verbose: 0 : 34868, 13, 2024/05/26, 20:48:06.314, 7057076154031, vstest.console.dll, TestRequestSender.OnExecutionMessageReceived: Received message: {"Version":7,"MessageType":"TestSession.Message","Payload":{"MessageLevel":0,"Message":"[xUnit.net 00:00:02.09]         C:\\Repos\\Rewe_test\\JobSearcher_QueriesTest\\ApiServiceTest.cs(56,0): at JobSearcher_QueriesTest.ApiServiceTests.GetToken_ShouldReturnToken()"}}
TpTrace Verbose: 0 : 34868, 13, 2024/05/26, 20:48:06.314, 7057076154549, vstest.console.dll, TestRunRequest:SendTestRunMessage: Starting.
TpTrace Verbose: 0 : 34868, 13, 2024/05/26, 20:48:06.314, 7057076154930, vstest.console.dll, MulticastDelegateUtilities.SafeInvoke: TestRun.LogMessages: Invoking callback 1/1 for Microsoft.VisualStudio.TestPlatform.CommandLine.TestRunResultAggregator., took 0 ms.
TpTrace Information: 0 : 34868, 13, 2024/05/26, 20:48:06.314, 7057076155330, vstest.console.dll, TestRunRequest:SendTestRunMessage: Completed.
TpTrace Verbose: 0 : 34868, 4, 2024/05/26, 20:48:06.314, 7057076155311, vstest.console.dll, MulticastDelegateUtilities.SafeInvoke: InternalTestLoggerEvents.SendTestRunMessage: Invoking callback 1/1 for Microsoft.VisualStudio.TestPlatform.CommandLine.Internal.ConsoleLogger., took 0 ms.
TpTrace Verbose: 0 : 34868, 13, 2024/05/26, 20:48:06.314, 7057076155706, vstest.console.dll, MulticastDelegateUtilities.SafeInvoke: LengthPrefixCommunicationChannel: MessageReceived: Invoking callback 1/1 for Microsoft.VisualStudio.TestPlatform.CommunicationUtilities.TestRequestSender+<>c__DisplayClass34_0., took 0 ms.
TpTrace Verbose: 0 : 34868, 13, 2024/05/26, 20:48:06.315, 7057076158237, vstest.console.dll, TcpClientExtensions.MessageLoopAsync: Polling on remoteEndPoint: 127.0.0.1:58452 localEndPoint: 127.0.0.1:58451 after 0 ms
TpTrace Verbose: 0 : 34868, 13, 2024/05/26, 20:48:06.315, 7057076158718, vstest.console.dll, TcpClientExtensions.MessageLoopAsync: NotifyDataAvailable remoteEndPoint: 127.0.0.1:58452 localEndPoint: 127.0.0.1:58451
TpTrace Verbose: 0 : 34868, 13, 2024/05/26, 20:48:06.315, 7057076159104, vstest.console.dll, TestRequestSender.OnExecutionMessageReceived: Received message: {"Version":7,"MessageType":"TestSession.Message","Payload":{"MessageLevel":0,"Message":"[xUnit.net 00:00:02.09]         --- End of stack trace from previous location ---"}}
TpTrace Verbose: 0 : 34868, 13, 2024/05/26, 20:48:06.315, 7057076160222, vstest.console.dll, TestRunRequest:SendTestRunMessage: Starting.
TpTrace Verbose: 0 : 34868, 13, 2024/05/26, 20:48:06.315, 7057076160632, vstest.console.dll, MulticastDelegateUtilities.SafeInvoke: TestRun.LogMessages: Invoking callback 1/1 for Microsoft.VisualStudio.TestPlatform.CommandLine.TestRunResultAggregator., took 0 ms.
TpTrace Information: 0 : 34868, 13, 2024/05/26, 20:48:06.315, 7057076161071, vstest.console.dll, TestRunRequest:SendTestRunMessage: Completed.
TpTrace Verbose: 0 : 34868, 4, 2024/05/26, 20:48:06.315, 7057076160854, vstest.console.dll, MulticastDelegateUtilities.SafeInvoke: InternalTestLoggerEvents.SendTestRunMessage: Invoking callback 1/1 for Microsoft.VisualStudio.TestPlatform.CommandLine.Internal.ConsoleLogger., took 0 ms.
TpTrace Verbose: 0 : 34868, 13, 2024/05/26, 20:48:06.315, 7057076161384, vstest.console.dll, MulticastDelegateUtilities.SafeInvoke: LengthPrefixCommunicationChannel: MessageReceived: Invoking callback 1/1 for Microsoft.VisualStudio.TestPlatform.CommunicationUtilities.TestRequestSender+<>c__DisplayClass34_0., took 0 ms.
TpTrace Verbose: 0 : 34868, 13, 2024/05/26, 20:48:06.315, 7057076162617, vstest.console.dll, TcpClientExtensions.MessageLoopAsync: Polling on remoteEndPoint: 127.0.0.1:58452 localEndPoint: 127.0.0.1:58451 after 0 ms
TpTrace Verbose: 0 : 34868, 13, 2024/05/26, 20:48:06.319, 7057076198188, vstest.console.dll, TcpClientExtensions.MessageLoopAsync: NotifyDataAvailable remoteEndPoint: 127.0.0.1:58452 localEndPoint: 127.0.0.1:58451
TpTrace Verbose: 0 : 34868, 13, 2024/05/26, 20:48:06.319, 7057076199198, vstest.console.dll, TestRequestSender.OnExecutionMessageReceived: Received message: {"Version":7,"MessageType":"TestSession.Message","Payload":{"MessageLevel":0,"Message":"[xUnit.net 00:00:02.10]   Finished:    JobSearcher_QueriesTest"}}
TpTrace Verbose: 0 : 34868, 13, 2024/05/26, 20:48:06.319, 7057076199949, vstest.console.dll, TestRunRequest:SendTestRunMessage: Starting.
TpTrace Verbose: 0 : 34868, 13, 2024/05/26, 20:48:06.319, 7057076200552, vstest.console.dll, MulticastDelegateUtilities.SafeInvoke: TestRun.LogMessages: Invoking callback 1/1 for Microsoft.VisualStudio.TestPlatform.CommandLine.TestRunResultAggregator., took 0 ms.
TpTrace Verbose: 0 : 34868, 4, 2024/05/26, 20:48:06.319, 7057076200806, vstest.console.dll, MulticastDelegateUtilities.SafeInvoke: InternalTestLoggerEvents.SendTestRunMessage: Invoking callback 1/1 for Microsoft.VisualStudio.TestPlatform.CommandLine.Internal.ConsoleLogger., took 0 ms.
TpTrace Information: 0 : 34868, 13, 2024/05/26, 20:48:06.319, 7057076200891, vstest.console.dll, TestRunRequest:SendTestRunMessage: Completed.
TpTrace Verbose: 0 : 34868, 13, 2024/05/26, 20:48:06.319, 7057076202079, vstest.console.dll, MulticastDelegateUtilities.SafeInvoke: LengthPrefixCommunicationChannel: MessageReceived: Invoking callback 1/1 for Microsoft.VisualStudio.TestPlatform.CommunicationUtilities.TestRequestSender+<>c__DisplayClass34_0., took 0 ms.
TpTrace Verbose: 0 : 34868, 13, 2024/05/26, 20:48:06.319, 7057076202517, vstest.console.dll, TcpClientExtensions.MessageLoopAsync: Polling on remoteEndPoint: 127.0.0.1:58452 localEndPoint: 127.0.0.1:58451 after 3 ms
TpTrace Verbose: 0 : 34868, 13, 2024/05/26, 20:48:06.331, 7057076319185, vstest.console.dll, TcpClientExtensions.MessageLoopAsync: NotifyDataAvailable remoteEndPoint: 127.0.0.1:58452 localEndPoint: 127.0.0.1:58451
TpTrace Verbose: 0 : 34868, 13, 2024/05/26, 20:48:06.331, 7057076321239, vstest.console.dll, TestRequestSender.OnExecutionMessageReceived: Received message: {"Version":7,"MessageType":"TestExecution.Completed","Payload":{"TestRunCompleteArgs":{"TestRunStatistics":{"ExecutedTests":17,"Stats":{"Passed":16,"Failed":1}},"IsCanceled":false,"IsAborted":false,"Error":null,"AttachmentSets":[],"InvokedDataCollectors":[],"ElapsedTimeInRunningTests":"00:00:02.1089539","Metrics":{},"DiscoveredExtensions":{"TestDiscoverers":["Xunit.Runner.VisualStudio.VsTestRunner, xunit.runner.visualstudio.dotnetcore.testadapter, Version=2.5.0.0, Culture=neutral, PublicKeyToken=null"],"TestExecutors":["executor://xunit/VsTestRunner2/netcoreapp"],"TestExecutors2":[],"TestSettingsProviders":[]}},"LastRunTests":{"NewTestResults":[{"TestCase":{"Id":"5a02de39-019c-0c6c-8e51-338b976e2ce8","FullyQualifiedName":"JobSearcher_QueriesTest.ApiServiceTests.GetToken_ShouldReturnToken","DisplayName":"JobSearcher_QueriesTest.ApiServiceTests.GetToken_ShouldReturnToken","ExecutorUri":"executor://xunit/VsTestRunner2/netcoreapp","Source":"C:\\Repos\\Rewe_test\\JobSearcher_QueriesTest\\bin\\Debug\\net8.0\\fine-code-coverage\\build-output\\JobSearcher_QueriesTest.dll","CodeFilePath":null,"LineNumber":0,"Properties":[]},"Attachments":[],"Outcome":2,"ErrorMessage":"System.Text.Json.JsonReaderException : '<' is an invalid start of a value. LineNumber: 0 | BytePositionInLine: 0.","ErrorStackTrace":"   at System.Text.Json.ThrowHelper.ThrowJsonReaderException(Utf8JsonReader& json, ExceptionResource resource, Byte nextByte, ReadOnlySpan`1 bytes)\r\n   at System.Text.Json.Utf8JsonReader.ConsumeValue(Byte marker)\r\n   at System.Text.Json.Utf8JsonReader.ReadFirstToken(Byte first)\r\n   at System.Text.Json.Utf8JsonReader.ReadSingleSegment()\r\n   at System.Text.Json.Utf8JsonReader.Read()\r\n   at System.Text.Json.JsonDocument.Parse(ReadOnlySpan`1 utf8JsonSpan, JsonReaderOptions readerOptions, MetadataDb& database, StackRowStack& stack)\r\n   at System.Text.Json.JsonDocument.Parse(ReadOnlyMemory`1 utf8Json, JsonReaderOptions readerOptions, Byte[] extraRentedArrayPoolBytes, PooledByteBufferWriter extraPooledByteBufferWriter)\r\n   at System.Text.Json.JsonDocument.Parse(ReadOnlyMemory`1 json, JsonDocumentOptions options)\r\n   at System.Text.Json.JsonDocument.Parse(String json, JsonDocumentOptions options)\r\n   at JobSearcher_Queries.ApiService.ExtractAccessToken(String jsonResponse) in C:\\Repos\\Rewe_test\\JobSearcher_Queries\\ApiService.cs:line 182\r\n   at JobSearcher_Queries.ApiService.GetToken(String url, String clientId, String clientSecret) in C:\\Repos\\Rewe_test\\JobSearcher_Queries\\ApiService.cs:line 174\r\n   at JobSearcher_QueriesTest.ApiServiceTests.GetToken_ShouldReturnToken() in C:\\Repos\\Rewe_test\\JobSearcher_QueriesTest\\ApiServiceTest.cs:line 56\r\n--- End of stack trace from previous location ---","DisplayName":"JobSearcher_QueriesTest.ApiServiceTests.GetToken_ShouldReturnToken","Messages":[],"ComputerName":"TUF1","Duration":"00:00:01.5127756","StartTime":"2024-05-26T18:48:06.3115521+00:00","EndTime":"2024-05-26T18:48:06.3115525+00:00","Properties":[]},{"TestCase":{"Id":"6f176320-044b-01a2-1dd3-879e40da51a9","FullyQualifiedName":"JobSearcher_QueriesTest.ApiServiceTests.SendAsync_ShouldThrowException_OnHttpRequestBadRequestException","DisplayName":"JobSearcher_QueriesTest.ApiServiceTests.SendAsync_ShouldThrowException_OnHttpRequestBadRequestException","ExecutorUri":"executor://xunit/VsTestRunner2/netcoreapp","Source":"C:\\Repos\\Rewe_test\\JobSearcher_QueriesTest\\bin\\Debug\\net8.0\\fine-code-coverage\\build-output\\JobSearcher_QueriesTest.dll","CodeFilePath":null,"LineNumber":0,"Properties":[]},"Attachments":[],"Outcome":1,"ErrorMessage":null,"ErrorStackTrace":null,"DisplayName":"JobSearcher_QueriesTest.ApiServiceTests.SendAsync_ShouldThrowException_OnHttpRequestBadRequestException","Messages":[],"ComputerName":"TUF1","Duration":"00:00:00.0014316","StartTime":"2024-05-26T18:48:06.3151613+00:00","EndTime":"2024-05-26T18:48:06.3151615+00:00","Properties":[]},{"TestCase":{"Id":"627fd294-fbb0-5bd4-8112-84239661589f","FullyQualifiedName":"JobSearcher_QueriesTest.ApiServiceTests.SendAsync_ShouldReturn_Response","DisplayName":"JobSearcher_QueriesTest.ApiServiceTests.SendAsync_ShouldReturn_Response","ExecutorUri":"executor://xunit/VsTestRunner2/netcoreapp","Source":"C:\\Repos\\Rewe_test\\JobSearcher_QueriesTest\\bin\\Debug\\net8.0\\fine-code-coverage\\build-output\\JobSearcher_QueriesTest.dll","CodeFilePath":null,"LineNumber":0,"Properties":[]},"Attachments":[],"Outcome":1,"ErrorMessage":null,"ErrorStackTrace":null,"DisplayName":"JobSearcher_QueriesTest.ApiServiceTests.SendAsync_ShouldReturn_Response","Messages":[],"ComputerName":"TUF1","Duration":"00:00:00.0054805","StartTime":"2024-05-26T18:48:06.3172935+00:00","EndTime":"2024-05-26T18:48:06.3172937+00:00","Properties":[]}],"TestRunStatistics":{"ExecutedTests":17,"Stats":{"Passed":16,"Failed":1}},"ActiveTests":[]},"RunAttachments":[],"ExecutorUris":["executor://xunit/VsTestRunner2/netcoreapp"]}}
TpTrace Verbose: 0 : 34868, 13, 2024/05/26, 20:48:06.331, 7057076322606, vstest.console.dll, TestRequestSender.EndSession: Sending end session.
TpTrace Verbose: 0 : 34868, 13, 2024/05/26, 20:48:06.331, 7057076324303, vstest.console.dll, ProxyOperationManager.Close: waiting for test host to exit for 100 ms
TpTrace Verbose: 0 : 34868, 12, 2024/05/26, 20:48:06.343, 7057076444231, vstest.console.dll, TestHostManagerCallbacks.ctor: Experimental forwarding output is disabled.
TpTrace Warning: 0 : 34868, 12, 2024/05/26, 20:48:06.344, 7057076446069, vstest.console.dll, TestHostManagerCallbacks.ErrorReceivedCallback Test host standard error line: 
TpTrace Verbose: 0 : 34868, 12, 2024/05/26, 20:48:06.353, 7057076542800, vstest.console.dll, TestHostProvider.ExitCallBack: Host exited starting callback.
TpTrace Information: 0 : 34868, 12, 2024/05/26, 20:48:06.354, 7057076545714, vstest.console.dll, TestHostManagerCallbacks.ExitCallBack: Testhost processId: 22928 exited with exitcode: 0 error: ''
TpTrace Verbose: 0 : 34868, 12, 2024/05/26, 20:48:06.354, 7057076546176, vstest.console.dll, DotnetTestHostManager.OnHostExited: invoking OnHostExited callback
TpTrace Verbose: 0 : 34868, 12, 2024/05/26, 20:48:06.354, 7057076546869, vstest.console.dll, CrossPlatEngine.TestHostManagerHostExited: calling on client process exit callback.
TpTrace Information: 0 : 34868, 12, 2024/05/26, 20:48:06.354, 7057076547535, vstest.console.dll, TestRequestSender.OnClientProcessExit: Test host process exited. Standard error: 
TpTrace Information: 0 : 34868, 12, 2024/05/26, 20:48:06.354, 7057076548236, vstest.console.dll, SocketServer.Stop: Stop server endPoint: 127.0.0.1:58451
TpTrace Information: 0 : 34868, 13, 2024/05/26, 20:48:06.354, 7057076548494, vstest.console.dll, SocketServer.Stop: Stop server endPoint: 127.0.0.1:58451
TpTrace Information: 0 : 34868, 13, 2024/05/26, 20:48:06.354, 7057076549513, vstest.console.dll, SocketServer.Stop: Cancellation requested. Stopping message loop.
TpTrace Information: 0 : 34868, 12, 2024/05/26, 20:48:06.354, 7057076548545, vstest.console.dll, SocketServer.Stop: Cancellation requested. Stopping message loop.
TpTrace Verbose: 0 : 34868, 12, 2024/05/26, 20:48:06.354, 7057076550648, vstest.console.dll, MulticastDelegateUtilities.SafeInvoke: HostProviderEvents.OnHostExited: Invoking callback 1/1 for Microsoft.VisualStudio.TestPlatform.CrossPlatEngine.Client.ProxyOperationManager., took 0 ms.
TpTrace Information: 0 : 34868, 13, 2024/05/26, 20:48:06.354, 7057076550858, vstest.console.dll, Closing the connection
TpTrace Verbose: 0 : 34868, 13, 2024/05/26, 20:48:06.354, 7057076553157, vstest.console.dll, ProxyDataCollectionManager.InvokeDataCollectionServiceAction: Starting.
TpTrace Information: 0 : 34868, 13, 2024/05/26, 20:48:06.354, 7057076553613, vstest.console.dll, ProxyDataCollectionManager.AfterTestRunEnd: Get attachment set and invoked data collectors processId: 28500 port: 58448
TpTrace Verbose: 0 : 34868, 13, 2024/05/26, 20:48:06.354, 7057076554175, vstest.console.dll, DataCollectionRequestSender.SendAfterTestRunStartAndGetResult: Send AfterTestRunEnd message with isCancelled: False
TpTrace Verbose: 0 : 34868, 13, 2024/05/26, 20:48:06.359, 7057076604620, vstest.console.dll, DataCollectionRequestSender.SendAfterTestRunStartAndGetResult: Received message: (DataCollection.AfterTestRunEndResult) -> {"MessageType":"DataCollection.AfterTestRunEndResult","Payload":{"AttachmentSets":[],"InvokedDataCollectors":[{"Uri":"datacollector://Microsoft/TestPlatform/Extensions/Blame/v1","FriendlyName":"Blame","AssemblyQualifiedName":"Microsoft.TestPlatform.Extensions.BlameDataCollector.BlameCollector, Microsoft.TestPlatform.Extensions.BlameDataCollector, Version=15.0.0.0, Culture=neutral, PublicKeyToken=b03f5f7f11d50a3a","FilePath":"C:\\Program Files\\dotnet\\sdk\\8.0.202\\Extensions\\Microsoft.TestPlatform.Extensions.BlameDataCollector.dll","HasAttachmentProcessor":false}],"Metrics":{}}}
TpTrace Information: 0 : 34868, 13, 2024/05/26, 20:48:06.364, 7057076652582, vstest.console.dll, ProxyDataCollectionManager.InvokeDataCollectionServiceAction: Completed.
TpTrace Warning: 0 : 34868, 10, 2024/05/26, 20:48:06.365, 7057076662191, vstest.console.dll, DataCollectionLauncher.ErrorReceivedCallback datacollector standard error line: 
TpTrace Information: 0 : 34868, 10, 2024/05/26, 20:48:06.375, 7057076765202, vstest.console.dll, DataCollectionLauncher.ExitCallBack: Data collector exited with exitcode: 0 error: ''
TpTrace Verbose: 0 : 34868, 13, 2024/05/26, 20:48:06.395, 7057076963439, vstest.console.dll, TestRunRequest:SendTestRunStatsChange: Starting.
TpTrace Verbose: 0 : 34868, 13, 2024/05/26, 20:48:06.396, 7057076967354, vstest.console.dll, MulticastDelegateUtilities.SafeInvoke: TestRun.RunStatsChanged: Invoking callbacks was skipped because there are no subscribers.
TpTrace Information: 0 : 34868, 13, 2024/05/26, 20:48:06.396, 7057076967782, vstest.console.dll, TestRunRequest:SendTestRunStatsChange: Completed.
TpTrace Verbose: 0 : 34868, 13, 2024/05/26, 20:48:06.396, 7057076970864, vstest.console.dll, ParallelProxyExecutionManager: HandlePartialRunComplete: Total workloads = 1, Total started clients = 1 Total completed clients = 1, Run complete = True, Run canceled: False.
TpTrace Verbose: 0 : 34868, 13, 2024/05/26, 20:48:06.396, 7057076971714, vstest.console.dll, ParallelProxyExecutionManager: HandlePartialRunComplete: All runs completed stopping all managers.
TpTrace Verbose: 0 : 34868, 13, 2024/05/26, 20:48:06.396, 7057076972299, vstest.console.dll, ParallelOperationManager.StopAllManagers: Stopping all managers.
TpTrace Verbose: 0 : 34868, 13, 2024/05/26, 20:48:06.396, 7057076972895, vstest.console.dll, ParallelOperationManager.ClearSlots: Clearing all slots. Slots should accept more work: False
TpTrace Verbose: 0 : 34868, 13, 2024/05/26, 20:48:06.396, 7057076973649, vstest.console.dll, ParallelOperationManager.SetOccupiedSlotCount: Setting slot counts AvailableSlotCount = 1, OccupiedSlotCount = 0.
TpTrace Verbose: 0 : 34868, 4, 2024/05/26, 20:48:06.396, 7057076973715, vstest.console.dll, MulticastDelegateUtilities.SafeInvoke: InternalTestLoggerEvents.SendTestResult: Invoking callback 1/1 for Microsoft.VisualStudio.TestPlatform.CommandLine.Internal.ConsoleLogger., took 0 ms.
TpTrace Verbose: 0 : 34868, 13, 2024/05/26, 20:48:06.396, 7057076974506, vstest.console.dll, Occupied slots:

TpTrace Verbose: 0 : 34868, 4, 2024/05/26, 20:48:06.396, 7057076975532, vstest.console.dll, MulticastDelegateUtilities.SafeInvoke: InternalTestLoggerEvents.SendTestResult: Invoking callback 1/1 for Microsoft.VisualStudio.TestPlatform.CommandLine.Internal.ConsoleLogger., took 0 ms.
TpTrace Verbose: 0 : 34868, 4, 2024/05/26, 20:48:06.397, 7057076976315, vstest.console.dll, MulticastDelegateUtilities.SafeInvoke: InternalTestLoggerEvents.SendTestResult: Invoking callback 1/1 for Microsoft.VisualStudio.TestPlatform.CommandLine.Internal.ConsoleLogger., took 0 ms.
TpTrace Verbose: 0 : 34868, 4, 2024/05/26, 20:48:06.402, 7057077033281, vstest.console.dll, MulticastDelegateUtilities.SafeInvoke: InternalTestLoggerEvents.SendTestRunComplete: Invoking callback 1/2 for Microsoft.TestPlatform.Extensions.BlameDataCollector.BlameLogger., took 0 ms.
TpTrace Verbose: 0 : 34868, 4, 2024/05/26, 20:48:06.406, 7057077071360, vstest.console.dll, MulticastDelegateUtilities.SafeInvoke: InternalTestLoggerEvents.SendTestRunComplete: Invoking callback 2/2 for Microsoft.VisualStudio.TestPlatform.CommandLine.Internal.ConsoleLogger., took 3 ms.
TpTrace Verbose: 0 : 34868, 13, 2024/05/26, 20:48:06.406, 7057077074599, vstest.console.dll, TestRunRequest:TestRunComplete: Starting. IsAborted:False IsCanceled:False.
TpTrace Verbose: 0 : 34868, 13, 2024/05/26, 20:48:06.407, 7057077076780, vstest.console.dll, ParallelOperationManager.DoActionOnAllManagers: Calling an action on all managers.
TpTrace Verbose: 0 : 34868, 13, 2024/05/26, 20:48:06.408, 7057077086926, vstest.console.dll, TestLoggerManager.HandleTestRunComplete: Ignoring as the object is disposed.
TpTrace Verbose: 0 : 34868, 13, 2024/05/26, 20:48:06.408, 7057077088893, vstest.console.dll, MulticastDelegateUtilities.SafeInvoke: TestRun.TestRunComplete: Invoking callback 1/2 for Microsoft.VisualStudio.TestPlatform.CommandLine.TestRunResultAggregator., took 0 ms.
TpTrace Verbose: 0 : 34868, 13, 2024/05/26, 20:48:06.408, 7057077090194, vstest.console.dll, MulticastDelegateUtilities.SafeInvoke: TestRun.TestRunComplete: Invoking callback 2/2 for Microsoft.VisualStudio.TestPlatform.CommandLine.Processors.RunTestsArgumentExecutor+TestRunRequestEventsRegistrar., took 0 ms.
TpTrace Information: 0 : 34868, 13, 2024/05/26, 20:48:06.408, 7057077091286, vstest.console.dll, TestRunRequest:TestRunComplete: Completed.
TpTrace Verbose: 0 : 34868, 13, 2024/05/26, 20:48:06.408, 7057077091932, vstest.console.dll, TestRequestSender.SetOperationComplete: Setting operation complete.
TpTrace Verbose: 0 : 34868, 1, 2024/05/26, 20:48:06.408, 7057077092039, vstest.console.dll, TestRunRequest.Dispose: Starting.
TpTrace Information: 0 : 34868, 1, 2024/05/26, 20:48:06.408, 7057077093853, vstest.console.dll, TestRunRequest.Dispose: Completed.
TpTrace Information: 0 : 34868, 13, 2024/05/26, 20:48:06.408, 7057077092251, vstest.console.dll, SocketServer.Stop: Stop server endPoint: 127.0.0.1:58451
TpTrace Information: 0 : 34868, 13, 2024/05/26, 20:48:06.409, 7057077095777, vstest.console.dll, SocketServer.Stop: Cancellation requested. Stopping message loop.
TpTrace Verbose: 0 : 34868, 13, 2024/05/26, 20:48:06.409, 7057077096287, vstest.console.dll, MulticastDelegateUtilities.SafeInvoke: LengthPrefixCommunicationChannel: MessageReceived: Invoking callback 1/1 for Microsoft.VisualStudio.TestPlatform.CommunicationUtilities.TestRequestSender+<>c__DisplayClass34_0., took 77 ms.
TpTrace Information: 0 : 34868, 1, 2024/05/26, 20:48:06.408, 7057077094976, vstest.console.dll, TestRequestManager.RunTests: run tests completed.
TpTrace Information: 0 : 34868, 13, 2024/05/26, 20:48:06.409, 7057077096854, vstest.console.dll, SocketServer.PrivateStop: Stopping server endPoint: 127.0.0.1:58451 error: 
TpTrace Information: 0 : 34868, 1, 2024/05/26, 20:48:06.409, 7057077098234, vstest.console.dll, RunTestsArgumentProcessor:Execute: Test run is completed.
TpTrace Verbose: 0 : 34868, 1, 2024/05/26, 20:48:06.409, 7057077102840, vstest.console.dll, Executor.Execute: Exiting with exit code of 1
TpTrace Verbose: 0 : 34868, 13, 2024/05/26, 20:48:06.409, 7057077103907, vstest.console.dll, LengthPrefixCommunicationChannel.Dispose: Dispose reader and writer.
TpTrace Information: 0 : 34868, 13, 2024/05/26, 20:48:06.409, 7057077105178, vstest.console.dll, SocketServer.Stop: Raise disconnected event endPoint: 127.0.0.1:58451 error: 
TpTrace Verbose: 0 : 34868, 13, 2024/05/26, 20:48:06.410, 7057077106658, vstest.console.dll, TestRequestSender: OnTestRunAbort: Operation is already complete. Skip error message.
TpTrace Verbose: 0 : 34868, 13, 2024/05/26, 20:48:06.410, 7057077107429, vstest.console.dll, MulticastDelegateUtilities.SafeInvoke: SocketServer: ClientDisconnected: Invoking callback 1/1 for Microsoft.VisualStudio.TestPlatform.CommunicationUtilities.TestRequestSender., took 0 ms.
TpTrace Verbose: 0 : 34868, 13, 2024/05/26, 20:48:06.410, 7057077108149, vstest.console.dll, TcpClientExtensions.MessageLoopAsync: exiting MessageLoopAsync remoteEndPoint: 127.0.0.1:58452 localEndPoint: 127.0.0.1:58451
